#
# A fatal error has been detected by the Java Runtime Environment:
#
#  EXCEPTION_ACCESS_VIOLATION (0xc0000005) at pc=0x00007ffe38a49c3a, pid=16284, tid=15868
#
# JRE version: OpenJDK Runtime Environment Temurin-17.0.2+8 (17.0.2+8) (build 17.0.2+8)
# Java VM: OpenJDK 64-Bit Server VM Temurin-17.0.2+8 (17.0.2+8, mixed mode, sharing, tiered, compressed oops, compressed class ptrs, g1 gc, windows-amd64)
# Problematic frame:
# V  [jvm.dll+0x1b9c3a]
#
# No core dump will be written. Minidumps are not enabled by default on client versions of Windows
#
# If you would like to submit a bug report, please visit:
#   https://github.com/adoptium/adoptium-support/issues
#

---------------  S U M M A R Y ------------

Command Line: -Dfile.encoding=utf8 c:\Users\siver\.vscode\extensions\vscjava.vscode-gradle-3.12.7\lib\gradle-language-server.jar

Host: 11th Gen Intel(R) Core(TM) i7-1165G7 @ 2.80GHz, 8 cores, 15G,  Windows 11 , 64 bit Build 22621 (10.0.22621.1485)
Time: Fri Apr 28 10:35:17 2023 W. Europe Daylight Time elapsed time: 3.389871 seconds (0d 0h 0m 3s)

---------------  T H R E A D  ---------------

Current thread (0x0000025fd49ed060):  JavaThread "C2 CompilerThread0" daemon [_thread_in_native, id=15868, stack(0x000000a97f000000,0x000000a97f100000)]


Current CompileTask:
C2:   3390  548       4       java.nio.file.FileTreeIterator::fetchNextIfNeeded (65 bytes)

Stack: [0x000000a97f000000,0x000000a97f100000],  sp=0x000000a97f0fb6d0,  free space=1005k
Native frames: (J=compiled Java code, j=interpreted, Vv=VM code, C=native code)
V  [jvm.dll+0x1b9c3a]
V  [jvm.dll+0x1be5cb]
V  [jvm.dll+0x32d80d]
V  [jvm.dll+0x32cd3a]
V  [jvm.dll+0x2180d1]
V  [jvm.dll+0x2174f1]
V  [jvm.dll+0x1a3a8d]
V  [jvm.dll+0x226ef8]
V  [jvm.dll+0x22503c]
V  [jvm.dll+0x7e596b]
V  [jvm.dll+0x7dff2a]
V  [jvm.dll+0x6744d5]
C  [ucrtbase.dll+0x29363]
C  [KERNEL32.DLL+0x1269d]
C  [ntdll.dll+0x5a9f8]


siginfo: EXCEPTION_ACCESS_VIOLATION (0xc0000005), reading address 0xffffffffffffffff


Register to memory mapping:

RIP=0x00007ffe38a49c3a jvm.dll
RAX=0x40080a5ef4400d18 is an unknown value
RBX=0x0000025fd6208590 points into unknown readable memory: 0x00007ffe391a26e0 | e0 26 1a 39 fe 7f 00 00
RCX=0x0000025fd6208590 points into unknown readable memory: 0x00007ffe391a26e0 | e0 26 1a 39 fe 7f 00 00
RDX=0x0 is NULL
RSP=0x000000a97f0fb6d0 is pointing into the stack for thread: 0x0000025fd49ed060
RBP=0x0000000000000006 is an unknown value
RSI=0x0000025fd5d9d0d0 points into unknown readable memory: 0x00007ffe391a7530 | 30 75 1a 39 fe 7f 00 00
RDI=0x0 is NULL
R8 =0x0 is NULL
R9 =0x0 is NULL
R10=0x0 is NULL
R11=0x000000a97f0fb710 is pointing into the stack for thread: 0x0000025fd49ed060
R12=0x0000000000000560 is an unknown value
R13=0x000000000000313e is an unknown value
R14=0x0000000000000030 is an unknown value
R15=0x000000a97f0fb830 is pointing into the stack for thread: 0x0000025fd49ed060


Registers:
RAX=0x40080a5ef4400d18, RBX=0x0000025fd6208590, RCX=0x0000025fd6208590, RDX=0x0000000000000000
RSP=0x000000a97f0fb6d0, RBP=0x0000000000000006, RSI=0x0000025fd5d9d0d0, RDI=0x0000000000000000
R8 =0x0000000000000000, R9 =0x0000000000000000, R10=0x0000000000000000, R11=0x000000a97f0fb710
R12=0x0000000000000560, R13=0x000000000000313e, R14=0x0000000000000030, R15=0x000000a97f0fb830
RIP=0x00007ffe38a49c3a, EFLAGS=0x0000000000010202

Top of Stack: (sp=0x000000a97f0fb6d0)
0x000000a97f0fb6d0:   0000025fd5ab9750 3ff8000000000000
0x000000a97f0fb6e0:   3f589374bc6a7efa 00007ffe38f275f0
0x000000a97f0fb6f0:   0000000000000000 00007ffe38a4e5cb
0x000000a97f0fb700:   0000025fd5fea6f0 0000000000000000
0x000000a97f0fb710:   000000a97f0fb798 00007ffe38bf131a
0x000000a97f0fb720:   0000000000000000 0000025fd49f2890
0x000000a97f0fb730:   00000000000003d8 0000025fd49f2880
0x000000a97f0fb740:   000000a97f0fbc20 00007ffe38bbd80d
0x000000a97f0fb750:   0000000000000011 00000000ffffff01
0x000000a97f0fb760:   000000a97f0fb850 0000025fd49f2c68
0x000000a97f0fb770:   0000025f3fffff01 0000025faf970000
0x000000a97f0fb780:   0000000000002804 0000000000000400
0x000000a97f0fb790:   0000025f000003ff 0000000000000006
0x000000a97f0fb7a0:   0000025fd49f2880 0000025fd49f2880
0x000000a97f0fb7b0:   0000025fd49f2890 0000025fd49f2c68
0x000000a97f0fb7c0:   00000000000003d8 0000025fd5ebc410 

Instructions: (pc=0x00007ffe38a49c3a)
0x00007ffe38a49b3a:   00 0f be 04 08 83 e8 30 48 8d 8c 24 88 00 00 00
0x00007ffe38a49b4a:   89 84 24 88 00 00 00 e8 fa 5e 5d 00 8b f8 83 f8
0x00007ffe38a49b5a:   09 0f 84 b6 00 00 00 41 8b 57 38 49 8b ce e8 f3
0x00007ffe38a49b6a:   0d 4e 00 4c 8b c8 41 b8 01 00 00 00 48 8b d5 49
0x00007ffe38a49b7a:   8b ce e8 1f 02 00 00 83 ff 08 75 24 ba 01 00 00
0x00007ffe38a49b8a:   00 49 8b ce 2b 53 38 e8 ca 0d 4e 00 4c 8b c8 44
0x00007ffe38a49b9a:   8d 47 f9 49 8b d4 49 8b ce e8 f8 01 00 00 eb 6d
0x00007ffe38a49baa:   b9 40 00 00 00 e8 4c 4e e5 ff 48 85 c0 74 16 49
0x00007ffe38a49bba:   8b 4d 08 44 8b c7 48 8b 51 08 48 8b c8 e8 d4 5d
0x00007ffe38a49bca:   ee ff 48 8b f0 83 7b 38 01 75 05 48 8b c6 eb 0b
0x00007ffe38a49bda:   49 8b d6 48 8b ce e8 fb 5f 5d 00 4d 8b 06 48 8b
0x00007ffe38a49bea:   d0 49 8b ce 41 ff 50 08 41 b8 01 00 00 00 49 8b
0x00007ffe38a49bfa:   d4 4c 8b c8 49 8b ce e8 9a 01 00 00 83 7e 20 00
0x00007ffe38a49c0a:   75 0b 48 8b d6 49 8b ce e8 49 13 4e 00 32 c0 48
0x00007ffe38a49c1a:   8b 5c 24 78 48 83 c4 30 41 5f 41 5e 41 5d 41 5c
0x00007ffe38a49c2a:   5f 5e 5d c3 cc cc 40 57 48 83 ec 20 48 8b 41 38
0x00007ffe38a49c3a:   48 63 48 10 48 8d 05 af c2 95 00 48 c1 e1 05 8b
0x00007ffe38a49c4a:   3c 01 85 ff 75 0d 48 8d 05 69 9d 95 00 48 83 c4
0x00007ffe38a49c5a:   20 5f c3 65 48 8b 04 25 58 00 00 00 8b 0d 4c f5
0x00007ffe38a49c6a:   9e 00 48 89 5c 24 30 48 8b 1c c8 b8 48 00 00 00
0x00007ffe38a49c7a:   80 3c 18 00 75 05 e8 27 15 6d 00 b8 18 00 00 00
0x00007ffe38a49c8a:   48 8b 04 18 48 8b 5c 24 30 48 8b 88 d0 04 00 00
0x00007ffe38a49c9a:   48 8b 81 80 00 00 00 48 8b 80 50 08 00 00 48 8b
0x00007ffe38a49caa:   84 f8 98 0a 00 00 48 83 c4 20 5f c3 cc cc cc cc
0x00007ffe38a49cba:   cc cc cc cc cc cc 40 57 48 83 ec 20 48 8b 41 08
0x00007ffe38a49cca:   48 8b 40 10 48 85 c0 0f 84 80 00 00 00 48 8b 40
0x00007ffe38a49cda:   08 48 8b 38 8b 47 2c 83 e0 3f 3c 35 75 6f 48 8b
0x00007ffe38a49cea:   01 48 89 5c 24 30 48 8b 1f ff 90 e8 00 00 00 41
0x00007ffe38a49cfa:   b0 01 48 8b cf 8b d0 ff 93 b8 00 00 00 48 8b 5c
0x00007ffe38a49d0a:   24 30 84 c0 74 47 48 8b 47 08 48 8b 40 08 83 78
0x00007ffe38a49d1a:   18 02 72 39 48 8b 40 08 48 8b 40 08 48 85 c0 74
0x00007ffe38a49d2a:   2c 83 78 18 03 75 26 48 8b 40 08 48 8b 40 08 48 


Stack slot to memory mapping:
stack at sp + 0 slots: 0x0000025fd5ab9750 points into unknown readable memory: 0x0000025fd5eae830 | 30 e8 ea d5 5f 02 00 00
stack at sp + 1 slots: 0x3ff8000000000000 is an unknown value
stack at sp + 2 slots: 0x3f589374bc6a7efa is an unknown value
stack at sp + 3 slots: 0x00007ffe38f275f0 jvm.dll
stack at sp + 4 slots: 0x0 is NULL
stack at sp + 5 slots: 0x00007ffe38a4e5cb jvm.dll
stack at sp + 6 slots: 0x0000025fd5fea6f0 points into unknown readable memory: 0x00007ffe391a26e0 | e0 26 1a 39 fe 7f 00 00
stack at sp + 7 slots: 0x0 is NULL


---------------  P R O C E S S  ---------------

Threads class SMR info:
_java_thread_list=0x0000025fd5918f20, length=12, elements={
0x0000025fafa6afe0, 0x0000025fd49d3750, 0x0000025fd49d4300, 0x0000025fd49e85b0,
0x0000025fd49eaf70, 0x0000025fd49eb920, 0x0000025fd49ec2d0, 0x0000025fd49ed060,
0x0000025fd49efb10, 0x0000025fd5420040, 0x0000025fd5512170, 0x0000025fd5516ce0
}

Java Threads: ( => current thread )
  0x0000025fafa6afe0 JavaThread "main" [_thread_in_native, id=1340, stack(0x000000a97e300000,0x000000a97e400000)]
  0x0000025fd49d3750 JavaThread "Reference Handler" daemon [_thread_blocked, id=15780, stack(0x000000a97ea00000,0x000000a97eb00000)]
  0x0000025fd49d4300 JavaThread "Finalizer" daemon [_thread_blocked, id=15876, stack(0x000000a97eb00000,0x000000a97ec00000)]
  0x0000025fd49e85b0 JavaThread "Signal Dispatcher" daemon [_thread_blocked, id=15776, stack(0x000000a97ec00000,0x000000a97ed00000)]
  0x0000025fd49eaf70 JavaThread "Attach Listener" daemon [_thread_blocked, id=15752, stack(0x000000a97ed00000,0x000000a97ee00000)]
  0x0000025fd49eb920 JavaThread "Service Thread" daemon [_thread_blocked, id=15772, stack(0x000000a97ee00000,0x000000a97ef00000)]
  0x0000025fd49ec2d0 JavaThread "Monitor Deflation Thread" daemon [_thread_blocked, id=15728, stack(0x000000a97ef00000,0x000000a97f000000)]
=>0x0000025fd49ed060 JavaThread "C2 CompilerThread0" daemon [_thread_in_native, id=15868, stack(0x000000a97f000000,0x000000a97f100000)]
  0x0000025fd49efb10 JavaThread "C1 CompilerThread0" daemon [_thread_blocked, id=15768, stack(0x000000a97f100000,0x000000a97f200000)]
  0x0000025fd5420040 JavaThread "Sweeper thread" daemon [_thread_blocked, id=15864, stack(0x000000a97f200000,0x000000a97f300000)]
  0x0000025fd5512170 JavaThread "Notification Thread" daemon [_thread_blocked, id=15944, stack(0x000000a97f300000,0x000000a97f400000)]
  0x0000025fd5516ce0 JavaThread "Common-Cleaner" daemon [_thread_blocked, id=15436, stack(0x000000a97f500000,0x000000a97f600000)]

Other Threads:
  0x0000025fd49cf520 VMThread "VM Thread" [stack: 0x000000a97e900000,0x000000a97ea00000] [id=16004]
  0x0000025fd5512640 WatcherThread [stack: 0x000000a97f400000,0x000000a97f500000] [id=15692]
  0x0000025fb1c6b240 GCTaskThread "GC Thread#0" [stack: 0x000000a97e400000,0x000000a97e500000] [id=1388]
  0x0000025fb1c7cd50 ConcurrentGCThread "G1 Main Marker" [stack: 0x000000a97e500000,0x000000a97e600000] [id=15892]
  0x0000025fb1c7e8d0 ConcurrentGCThread "G1 Conc#0" [stack: 0x000000a97e600000,0x000000a97e700000] [id=15888]
  0x0000025fb1cee140 ConcurrentGCThread "G1 Refine#0" [stack: 0x000000a97e700000,0x000000a97e800000] [id=14440]
  0x0000025fb1ceea00 ConcurrentGCThread "G1 Service" [stack: 0x000000a97e800000,0x000000a97e900000] [id=15748]

Threads with active compile tasks:
C2 CompilerThread0     3417  548       4       java.nio.file.FileTreeIterator::fetchNextIfNeeded (65 bytes)

VM state: not at safepoint (normal execution)

VM Mutex/Monitor currently owned by a thread: None

Heap address: 0x0000000704400000, size: 4028 MB, Compressed Oops mode: Zero based, Oop shift amount: 3

CDS archive(s) mapped at: [0x0000000800000000-0x0000000800bc0000-0x0000000800bc0000), size 12320768, SharedBaseAddress: 0x0000000800000000, ArchiveRelocationMode: 0.
Compressed class space mapped at: 0x0000000800c00000-0x0000000840c00000, reserved size: 1073741824
Narrow klass base: 0x0000000800000000, Narrow klass shift: 0, Narrow klass range: 0x100000000

GC Precious Log:
 CPUs: 8 total, 8 available
 Memory: 16107M
 Large Page Support: Disabled
 NUMA Support: Disabled
 Compressed Oops: Enabled (Zero based)
 Heap Region Size: 2M
 Heap Min Capacity: 8M
 Heap Initial Capacity: 252M
 Heap Max Capacity: 4028M
 Pre-touch: Disabled
 Parallel Workers: 8
 Concurrent Workers: 2
 Concurrent Refinement Workers: 8
 Periodic GC: Disabled

Heap:
 garbage-first heap   total 258048K, used 8192K [0x0000000704400000, 0x0000000800000000)
  region size 2048K, 6 young (12288K), 0 survivors (0K)
 Metaspace       used 2884K, committed 3072K, reserved 1056768K
  class space    used 284K, committed 384K, reserved 1048576K

Heap Regions: E=young(eden), S=young(survivor), O=old, HS=humongous(starts), HC=humongous(continues), CS=collection set, F=free, OA=open archive, CA=closed archive, TAMS=top-at-mark-start (previous, next)
|   0|0x0000000704400000, 0x0000000704400000, 0x0000000704600000|  0%| F|  |TAMS 0x0000000704400000, 0x0000000704400000| Untracked 
|   1|0x0000000704600000, 0x0000000704600000, 0x0000000704800000|  0%| F|  |TAMS 0x0000000704600000, 0x0000000704600000| Untracked 
|   2|0x0000000704800000, 0x0000000704800000, 0x0000000704a00000|  0%| F|  |TAMS 0x0000000704800000, 0x0000000704800000| Untracked 
|   3|0x0000000704a00000, 0x0000000704a00000, 0x0000000704c00000|  0%| F|  |TAMS 0x0000000704a00000, 0x0000000704a00000| Untracked 
|   4|0x0000000704c00000, 0x0000000704c00000, 0x0000000704e00000|  0%| F|  |TAMS 0x0000000704c00000, 0x0000000704c00000| Untracked 
|   5|0x0000000704e00000, 0x0000000704e00000, 0x0000000705000000|  0%| F|  |TAMS 0x0000000704e00000, 0x0000000704e00000| Untracked 
|   6|0x0000000705000000, 0x0000000705000000, 0x0000000705200000|  0%| F|  |TAMS 0x0000000705000000, 0x0000000705000000| Untracked 
|   7|0x0000000705200000, 0x0000000705200000, 0x0000000705400000|  0%| F|  |TAMS 0x0000000705200000, 0x0000000705200000| Untracked 
|   8|0x0000000705400000, 0x0000000705400000, 0x0000000705600000|  0%| F|  |TAMS 0x0000000705400000, 0x0000000705400000| Untracked 
|   9|0x0000000705600000, 0x0000000705600000, 0x0000000705800000|  0%| F|  |TAMS 0x0000000705600000, 0x0000000705600000| Untracked 
|  10|0x0000000705800000, 0x0000000705800000, 0x0000000705a00000|  0%| F|  |TAMS 0x0000000705800000, 0x0000000705800000| Untracked 
|  11|0x0000000705a00000, 0x0000000705a00000, 0x0000000705c00000|  0%| F|  |TAMS 0x0000000705a00000, 0x0000000705a00000| Untracked 
|  12|0x0000000705c00000, 0x0000000705c00000, 0x0000000705e00000|  0%| F|  |TAMS 0x0000000705c00000, 0x0000000705c00000| Untracked 
|  13|0x0000000705e00000, 0x0000000705e00000, 0x0000000706000000|  0%| F|  |TAMS 0x0000000705e00000, 0x0000000705e00000| Untracked 
|  14|0x0000000706000000, 0x0000000706000000, 0x0000000706200000|  0%| F|  |TAMS 0x0000000706000000, 0x0000000706000000| Untracked 
|  15|0x0000000706200000, 0x0000000706200000, 0x0000000706400000|  0%| F|  |TAMS 0x0000000706200000, 0x0000000706200000| Untracked 
|  16|0x0000000706400000, 0x0000000706400000, 0x0000000706600000|  0%| F|  |TAMS 0x0000000706400000, 0x0000000706400000| Untracked 
|  17|0x0000000706600000, 0x0000000706600000, 0x0000000706800000|  0%| F|  |TAMS 0x0000000706600000, 0x0000000706600000| Untracked 
|  18|0x0000000706800000, 0x0000000706800000, 0x0000000706a00000|  0%| F|  |TAMS 0x0000000706800000, 0x0000000706800000| Untracked 
|  19|0x0000000706a00000, 0x0000000706a00000, 0x0000000706c00000|  0%| F|  |TAMS 0x0000000706a00000, 0x0000000706a00000| Untracked 
|  20|0x0000000706c00000, 0x0000000706c00000, 0x0000000706e00000|  0%| F|  |TAMS 0x0000000706c00000, 0x0000000706c00000| Untracked 
|  21|0x0000000706e00000, 0x0000000706e00000, 0x0000000707000000|  0%| F|  |TAMS 0x0000000706e00000, 0x0000000706e00000| Untracked 
|  22|0x0000000707000000, 0x0000000707000000, 0x0000000707200000|  0%| F|  |TAMS 0x0000000707000000, 0x0000000707000000| Untracked 
|  23|0x0000000707200000, 0x0000000707200000, 0x0000000707400000|  0%| F|  |TAMS 0x0000000707200000, 0x0000000707200000| Untracked 
|  24|0x0000000707400000, 0x0000000707400000, 0x0000000707600000|  0%| F|  |TAMS 0x0000000707400000, 0x0000000707400000| Untracked 
|  25|0x0000000707600000, 0x0000000707600000, 0x0000000707800000|  0%| F|  |TAMS 0x0000000707600000, 0x0000000707600000| Untracked 
|  26|0x0000000707800000, 0x0000000707800000, 0x0000000707a00000|  0%| F|  |TAMS 0x0000000707800000, 0x0000000707800000| Untracked 
|  27|0x0000000707a00000, 0x0000000707a00000, 0x0000000707c00000|  0%| F|  |TAMS 0x0000000707a00000, 0x0000000707a00000| Untracked 
|  28|0x0000000707c00000, 0x0000000707c00000, 0x0000000707e00000|  0%| F|  |TAMS 0x0000000707c00000, 0x0000000707c00000| Untracked 
|  29|0x0000000707e00000, 0x0000000707e00000, 0x0000000708000000|  0%| F|  |TAMS 0x0000000707e00000, 0x0000000707e00000| Untracked 
|  30|0x0000000708000000, 0x0000000708000000, 0x0000000708200000|  0%| F|  |TAMS 0x0000000708000000, 0x0000000708000000| Untracked 
|  31|0x0000000708200000, 0x0000000708200000, 0x0000000708400000|  0%| F|  |TAMS 0x0000000708200000, 0x0000000708200000| Untracked 
|  32|0x0000000708400000, 0x0000000708400000, 0x0000000708600000|  0%| F|  |TAMS 0x0000000708400000, 0x0000000708400000| Untracked 
|  33|0x0000000708600000, 0x0000000708600000, 0x0000000708800000|  0%| F|  |TAMS 0x0000000708600000, 0x0000000708600000| Untracked 
|  34|0x0000000708800000, 0x0000000708800000, 0x0000000708a00000|  0%| F|  |TAMS 0x0000000708800000, 0x0000000708800000| Untracked 
|  35|0x0000000708a00000, 0x0000000708a00000, 0x0000000708c00000|  0%| F|  |TAMS 0x0000000708a00000, 0x0000000708a00000| Untracked 
|  36|0x0000000708c00000, 0x0000000708c00000, 0x0000000708e00000|  0%| F|  |TAMS 0x0000000708c00000, 0x0000000708c00000| Untracked 
|  37|0x0000000708e00000, 0x0000000708e00000, 0x0000000709000000|  0%| F|  |TAMS 0x0000000708e00000, 0x0000000708e00000| Untracked 
|  38|0x0000000709000000, 0x0000000709000000, 0x0000000709200000|  0%| F|  |TAMS 0x0000000709000000, 0x0000000709000000| Untracked 
|  39|0x0000000709200000, 0x0000000709200000, 0x0000000709400000|  0%| F|  |TAMS 0x0000000709200000, 0x0000000709200000| Untracked 
|  40|0x0000000709400000, 0x0000000709400000, 0x0000000709600000|  0%| F|  |TAMS 0x0000000709400000, 0x0000000709400000| Untracked 
|  41|0x0000000709600000, 0x0000000709600000, 0x0000000709800000|  0%| F|  |TAMS 0x0000000709600000, 0x0000000709600000| Untracked 
|  42|0x0000000709800000, 0x0000000709800000, 0x0000000709a00000|  0%| F|  |TAMS 0x0000000709800000, 0x0000000709800000| Untracked 
|  43|0x0000000709a00000, 0x0000000709a00000, 0x0000000709c00000|  0%| F|  |TAMS 0x0000000709a00000, 0x0000000709a00000| Untracked 
|  44|0x0000000709c00000, 0x0000000709c00000, 0x0000000709e00000|  0%| F|  |TAMS 0x0000000709c00000, 0x0000000709c00000| Untracked 
|  45|0x0000000709e00000, 0x0000000709e00000, 0x000000070a000000|  0%| F|  |TAMS 0x0000000709e00000, 0x0000000709e00000| Untracked 
|  46|0x000000070a000000, 0x000000070a000000, 0x000000070a200000|  0%| F|  |TAMS 0x000000070a000000, 0x000000070a000000| Untracked 
|  47|0x000000070a200000, 0x000000070a200000, 0x000000070a400000|  0%| F|  |TAMS 0x000000070a200000, 0x000000070a200000| Untracked 
|  48|0x000000070a400000, 0x000000070a400000, 0x000000070a600000|  0%| F|  |TAMS 0x000000070a400000, 0x000000070a400000| Untracked 
|  49|0x000000070a600000, 0x000000070a600000, 0x000000070a800000|  0%| F|  |TAMS 0x000000070a600000, 0x000000070a600000| Untracked 
|  50|0x000000070a800000, 0x000000070a800000, 0x000000070aa00000|  0%| F|  |TAMS 0x000000070a800000, 0x000000070a800000| Untracked 
|  51|0x000000070aa00000, 0x000000070aa00000, 0x000000070ac00000|  0%| F|  |TAMS 0x000000070aa00000, 0x000000070aa00000| Untracked 
|  52|0x000000070ac00000, 0x000000070ac00000, 0x000000070ae00000|  0%| F|  |TAMS 0x000000070ac00000, 0x000000070ac00000| Untracked 
|  53|0x000000070ae00000, 0x000000070ae00000, 0x000000070b000000|  0%| F|  |TAMS 0x000000070ae00000, 0x000000070ae00000| Untracked 
|  54|0x000000070b000000, 0x000000070b000000, 0x000000070b200000|  0%| F|  |TAMS 0x000000070b000000, 0x000000070b000000| Untracked 
|  55|0x000000070b200000, 0x000000070b200000, 0x000000070b400000|  0%| F|  |TAMS 0x000000070b200000, 0x000000070b200000| Untracked 
|  56|0x000000070b400000, 0x000000070b400000, 0x000000070b600000|  0%| F|  |TAMS 0x000000070b400000, 0x000000070b400000| Untracked 
|  57|0x000000070b600000, 0x000000070b600000, 0x000000070b800000|  0%| F|  |TAMS 0x000000070b600000, 0x000000070b600000| Untracked 
|  58|0x000000070b800000, 0x000000070b800000, 0x000000070ba00000|  0%| F|  |TAMS 0x000000070b800000, 0x000000070b800000| Untracked 
|  59|0x000000070ba00000, 0x000000070ba00000, 0x000000070bc00000|  0%| F|  |TAMS 0x000000070ba00000, 0x000000070ba00000| Untracked 
|  60|0x000000070bc00000, 0x000000070bc00000, 0x000000070be00000|  0%| F|  |TAMS 0x000000070bc00000, 0x000000070bc00000| Untracked 
|  61|0x000000070be00000, 0x000000070be00000, 0x000000070c000000|  0%| F|  |TAMS 0x000000070be00000, 0x000000070be00000| Untracked 
|  62|0x000000070c000000, 0x000000070c000000, 0x000000070c200000|  0%| F|  |TAMS 0x000000070c000000, 0x000000070c000000| Untracked 
|  63|0x000000070c200000, 0x000000070c200000, 0x000000070c400000|  0%| F|  |TAMS 0x000000070c200000, 0x000000070c200000| Untracked 
|  64|0x000000070c400000, 0x000000070c400000, 0x000000070c600000|  0%| F|  |TAMS 0x000000070c400000, 0x000000070c400000| Untracked 
|  65|0x000000070c600000, 0x000000070c600000, 0x000000070c800000|  0%| F|  |TAMS 0x000000070c600000, 0x000000070c600000| Untracked 
|  66|0x000000070c800000, 0x000000070c800000, 0x000000070ca00000|  0%| F|  |TAMS 0x000000070c800000, 0x000000070c800000| Untracked 
|  67|0x000000070ca00000, 0x000000070ca00000, 0x000000070cc00000|  0%| F|  |TAMS 0x000000070ca00000, 0x000000070ca00000| Untracked 
|  68|0x000000070cc00000, 0x000000070cc00000, 0x000000070ce00000|  0%| F|  |TAMS 0x000000070cc00000, 0x000000070cc00000| Untracked 
|  69|0x000000070ce00000, 0x000000070ce00000, 0x000000070d000000|  0%| F|  |TAMS 0x000000070ce00000, 0x000000070ce00000| Untracked 
|  70|0x000000070d000000, 0x000000070d000000, 0x000000070d200000|  0%| F|  |TAMS 0x000000070d000000, 0x000000070d000000| Untracked 
|  71|0x000000070d200000, 0x000000070d200000, 0x000000070d400000|  0%| F|  |TAMS 0x000000070d200000, 0x000000070d200000| Untracked 
|  72|0x000000070d400000, 0x000000070d400000, 0x000000070d600000|  0%| F|  |TAMS 0x000000070d400000, 0x000000070d400000| Untracked 
|  73|0x000000070d600000, 0x000000070d600000, 0x000000070d800000|  0%| F|  |TAMS 0x000000070d600000, 0x000000070d600000| Untracked 
|  74|0x000000070d800000, 0x000000070d800000, 0x000000070da00000|  0%| F|  |TAMS 0x000000070d800000, 0x000000070d800000| Untracked 
|  75|0x000000070da00000, 0x000000070da00000, 0x000000070dc00000|  0%| F|  |TAMS 0x000000070da00000, 0x000000070da00000| Untracked 
|  76|0x000000070dc00000, 0x000000070dc00000, 0x000000070de00000|  0%| F|  |TAMS 0x000000070dc00000, 0x000000070dc00000| Untracked 
|  77|0x000000070de00000, 0x000000070de00000, 0x000000070e000000|  0%| F|  |TAMS 0x000000070de00000, 0x000000070de00000| Untracked 
|  78|0x000000070e000000, 0x000000070e000000, 0x000000070e200000|  0%| F|  |TAMS 0x000000070e000000, 0x000000070e000000| Untracked 
|  79|0x000000070e200000, 0x000000070e200000, 0x000000070e400000|  0%| F|  |TAMS 0x000000070e200000, 0x000000070e200000| Untracked 
|  80|0x000000070e400000, 0x000000070e400000, 0x000000070e600000|  0%| F|  |TAMS 0x000000070e400000, 0x000000070e400000| Untracked 
|  81|0x000000070e600000, 0x000000070e600000, 0x000000070e800000|  0%| F|  |TAMS 0x000000070e600000, 0x000000070e600000| Untracked 
|  82|0x000000070e800000, 0x000000070e800000, 0x000000070ea00000|  0%| F|  |TAMS 0x000000070e800000, 0x000000070e800000| Untracked 
|  83|0x000000070ea00000, 0x000000070ea00000, 0x000000070ec00000|  0%| F|  |TAMS 0x000000070ea00000, 0x000000070ea00000| Untracked 
|  84|0x000000070ec00000, 0x000000070ec00000, 0x000000070ee00000|  0%| F|  |TAMS 0x000000070ec00000, 0x000000070ec00000| Untracked 
|  85|0x000000070ee00000, 0x000000070ee00000, 0x000000070f000000|  0%| F|  |TAMS 0x000000070ee00000, 0x000000070ee00000| Untracked 
|  86|0x000000070f000000, 0x000000070f000000, 0x000000070f200000|  0%| F|  |TAMS 0x000000070f000000, 0x000000070f000000| Untracked 
|  87|0x000000070f200000, 0x000000070f200000, 0x000000070f400000|  0%| F|  |TAMS 0x000000070f200000, 0x000000070f200000| Untracked 
|  88|0x000000070f400000, 0x000000070f400000, 0x000000070f600000|  0%| F|  |TAMS 0x000000070f400000, 0x000000070f400000| Untracked 
|  89|0x000000070f600000, 0x000000070f600000, 0x000000070f800000|  0%| F|  |TAMS 0x000000070f600000, 0x000000070f600000| Untracked 
|  90|0x000000070f800000, 0x000000070f800000, 0x000000070fa00000|  0%| F|  |TAMS 0x000000070f800000, 0x000000070f800000| Untracked 
|  91|0x000000070fa00000, 0x000000070fa00000, 0x000000070fc00000|  0%| F|  |TAMS 0x000000070fa00000, 0x000000070fa00000| Untracked 
|  92|0x000000070fc00000, 0x000000070fc00000, 0x000000070fe00000|  0%| F|  |TAMS 0x000000070fc00000, 0x000000070fc00000| Untracked 
|  93|0x000000070fe00000, 0x000000070fe00000, 0x0000000710000000|  0%| F|  |TAMS 0x000000070fe00000, 0x000000070fe00000| Untracked 
|  94|0x0000000710000000, 0x0000000710000000, 0x0000000710200000|  0%| F|  |TAMS 0x0000000710000000, 0x0000000710000000| Untracked 
|  95|0x0000000710200000, 0x0000000710200000, 0x0000000710400000|  0%| F|  |TAMS 0x0000000710200000, 0x0000000710200000| Untracked 
|  96|0x0000000710400000, 0x0000000710400000, 0x0000000710600000|  0%| F|  |TAMS 0x0000000710400000, 0x0000000710400000| Untracked 
|  97|0x0000000710600000, 0x0000000710600000, 0x0000000710800000|  0%| F|  |TAMS 0x0000000710600000, 0x0000000710600000| Untracked 
|  98|0x0000000710800000, 0x0000000710800000, 0x0000000710a00000|  0%| F|  |TAMS 0x0000000710800000, 0x0000000710800000| Untracked 
|  99|0x0000000710a00000, 0x0000000710a00000, 0x0000000710c00000|  0%| F|  |TAMS 0x0000000710a00000, 0x0000000710a00000| Untracked 
| 100|0x0000000710c00000, 0x0000000710c00000, 0x0000000710e00000|  0%| F|  |TAMS 0x0000000710c00000, 0x0000000710c00000| Untracked 
| 101|0x0000000710e00000, 0x0000000710e00000, 0x0000000711000000|  0%| F|  |TAMS 0x0000000710e00000, 0x0000000710e00000| Untracked 
| 102|0x0000000711000000, 0x0000000711000000, 0x0000000711200000|  0%| F|  |TAMS 0x0000000711000000, 0x0000000711000000| Untracked 
| 103|0x0000000711200000, 0x0000000711200000, 0x0000000711400000|  0%| F|  |TAMS 0x0000000711200000, 0x0000000711200000| Untracked 
| 104|0x0000000711400000, 0x0000000711400000, 0x0000000711600000|  0%| F|  |TAMS 0x0000000711400000, 0x0000000711400000| Untracked 
| 105|0x0000000711600000, 0x0000000711600000, 0x0000000711800000|  0%| F|  |TAMS 0x0000000711600000, 0x0000000711600000| Untracked 
| 106|0x0000000711800000, 0x0000000711800000, 0x0000000711a00000|  0%| F|  |TAMS 0x0000000711800000, 0x0000000711800000| Untracked 
| 107|0x0000000711a00000, 0x0000000711a00000, 0x0000000711c00000|  0%| F|  |TAMS 0x0000000711a00000, 0x0000000711a00000| Untracked 
| 108|0x0000000711c00000, 0x0000000711c00000, 0x0000000711e00000|  0%| F|  |TAMS 0x0000000711c00000, 0x0000000711c00000| Untracked 
| 109|0x0000000711e00000, 0x0000000711e00000, 0x0000000712000000|  0%| F|  |TAMS 0x0000000711e00000, 0x0000000711e00000| Untracked 
| 110|0x0000000712000000, 0x0000000712000000, 0x0000000712200000|  0%| F|  |TAMS 0x0000000712000000, 0x0000000712000000| Untracked 
| 111|0x0000000712200000, 0x0000000712200000, 0x0000000712400000|  0%| F|  |TAMS 0x0000000712200000, 0x0000000712200000| Untracked 
| 112|0x0000000712400000, 0x0000000712400000, 0x0000000712600000|  0%| F|  |TAMS 0x0000000712400000, 0x0000000712400000| Untracked 
| 113|0x0000000712600000, 0x0000000712600000, 0x0000000712800000|  0%| F|  |TAMS 0x0000000712600000, 0x0000000712600000| Untracked 
| 114|0x0000000712800000, 0x0000000712800000, 0x0000000712a00000|  0%| F|  |TAMS 0x0000000712800000, 0x0000000712800000| Untracked 
| 115|0x0000000712a00000, 0x0000000712a00000, 0x0000000712c00000|  0%| F|  |TAMS 0x0000000712a00000, 0x0000000712a00000| Untracked 
| 116|0x0000000712c00000, 0x0000000712c00000, 0x0000000712e00000|  0%| F|  |TAMS 0x0000000712c00000, 0x0000000712c00000| Untracked 
| 117|0x0000000712e00000, 0x0000000712e00000, 0x0000000713000000|  0%| F|  |TAMS 0x0000000712e00000, 0x0000000712e00000| Untracked 
| 118|0x0000000713000000, 0x0000000713000000, 0x0000000713200000|  0%| F|  |TAMS 0x0000000713000000, 0x0000000713000000| Untracked 
| 119|0x0000000713200000, 0x0000000713200000, 0x0000000713400000|  0%| F|  |TAMS 0x0000000713200000, 0x0000000713200000| Untracked 
| 120|0x0000000713400000, 0x0000000713552790, 0x0000000713600000| 66%| E|  |TAMS 0x0000000713400000, 0x0000000713400000| Complete 
| 121|0x0000000713600000, 0x0000000713800000, 0x0000000713800000|100%| E|CS|TAMS 0x0000000713600000, 0x0000000713600000| Complete 
| 122|0x0000000713800000, 0x0000000713a00000, 0x0000000713a00000|100%| E|CS|TAMS 0x0000000713800000, 0x0000000713800000| Complete 
| 123|0x0000000713a00000, 0x0000000713c00000, 0x0000000713c00000|100%| E|  |TAMS 0x0000000713a00000, 0x0000000713a00000| Complete 
| 124|0x0000000713c00000, 0x0000000713e00000, 0x0000000713e00000|100%| E|CS|TAMS 0x0000000713c00000, 0x0000000713c00000| Complete 
| 125|0x0000000713e00000, 0x0000000714000000, 0x0000000714000000|100%| E|CS|TAMS 0x0000000713e00000, 0x0000000713e00000| Complete 

Card table byte_map: [0x0000025fc91f0000,0x0000025fc99d0000] _byte_map_base: 0x0000025fc59ce000

Marking Bits (Prev, Next): (CMBitMap*) 0x0000025fb1c6c860, (CMBitMap*) 0x0000025fb1c6c8a0
 Prev Bits: [0x0000025fca1b0000, 0x0000025fce0a0000)
 Next Bits: [0x0000025fce0a0000, 0x0000025fd1f90000)

Polling page: 0x0000025fb13f0000

Metaspace:

Usage:
  Non-class:      2.54 MB used.
      Class:    284.56 KB used.
       Both:      2.82 MB used.

Virtual space:
  Non-class space:        8.00 MB reserved,       2.62 MB ( 33%) committed,  1 nodes.
      Class space:        1.00 GB reserved,     384.00 KB ( <1%) committed,  1 nodes.
             Both:        1.01 GB reserved,       3.00 MB ( <1%) committed. 

Chunk freelists:
   Non-Class:  3.59 MB
       Class:  3.67 MB
        Both:  7.26 MB

MaxMetaspaceSize: unlimited
CompressedClassSpaceSize: 1.00 GB
Initial GC threshold: 21.00 MB
Current GC threshold: 21.00 MB
CDS: on
MetaspaceReclaimPolicy: balanced
 - commit_granule_bytes: 65536.
 - commit_granule_words: 8192.
 - virtual_space_node_default_size: 1048576.
 - enlarge_chunks_in_place: 1.
 - new_chunks_are_fully_committed: 0.
 - uncommit_free_chunks: 1.
 - use_allocation_guard: 0.
 - handle_deallocations: 1.


Internal statistics:

num_allocs_failed_limit: 0.
num_arena_births: 8.
num_arena_deaths: 0.
num_vsnodes_births: 2.
num_vsnodes_deaths: 0.
num_space_committed: 48.
num_space_uncommitted: 0.
num_chunks_returned_to_freelist: 0.
num_chunks_taken_from_freelist: 29.
num_chunk_merges: 0.
num_chunk_splits: 23.
num_chunks_enlarged: 20.
num_purges: 0.
num_inconsistent_stats: 0.

CodeHeap 'non-profiled nmethods': size=120000Kb used=167Kb max_used=167Kb free=119832Kb
 bounds [0x0000025fc11b0000, 0x0000025fc1420000, 0x0000025fc86e0000]
CodeHeap 'profiled nmethods': size=120000Kb used=914Kb max_used=914Kb free=119085Kb
 bounds [0x0000025fb9c80000, 0x0000025fb9ef0000, 0x0000025fc11b0000]
CodeHeap 'non-nmethods': size=5760Kb used=1138Kb max_used=1153Kb free=4621Kb
 bounds [0x0000025fb96e0000, 0x0000025fb9950000, 0x0000025fb9c80000]
 total_blobs=955 nmethods=547 adapters=321
 compilation: enabled
              stopped_count=0, restarted_count=0
 full_count=0

Compilation events (20 events):
Event: 2.043 Thread 0x0000025fd49efb10 nmethod 536 0x0000025fb9d60590 code [0x0000025fb9d60720, 0x0000025fb9d608d8]
Event: 2.043 Thread 0x0000025fd49efb10  537       3       jdk.internal.misc.Unsafe::putChar (8 bytes)
Event: 2.043 Thread 0x0000025fd49efb10 nmethod 537 0x0000025fb9d60990 code [0x0000025fb9d60b20, 0x0000025fb9d60c38]
Event: 2.120 Thread 0x0000025fd49efb10  539   !   3       sun.nio.fs.WindowsPath::getPathForWin32Calls (135 bytes)
Event: 2.121 Thread 0x0000025fd49efb10 nmethod 539 0x0000025fb9d60d10 code [0x0000025fb9d60fa0, 0x0000025fb9d61e98]
Event: 2.121 Thread 0x0000025fd49efb10  540       3       sun.nio.fs.WindowsNativeDispatcher::asNativeBuffer (103 bytes)
Event: 2.122 Thread 0x0000025fd49efb10 nmethod 540 0x0000025fb9d62310 code [0x0000025fb9d62580, 0x0000025fb9d62f38]
Event: 2.550 Thread 0x0000025fd49efb10  542       3       com.microsoft.gradle.utils.Utils$$Lambda$9/0x0000000800c11cd8::apply (8 bytes)
Event: 2.550 Thread 0x0000025fd49efb10 nmethod 542 0x0000025fb9d63290 code [0x0000025fb9d63440, 0x0000025fb9d637a8]
Event: 2.550 Thread 0x0000025fd49efb10  543       3       com.microsoft.gradle.utils.Utils::lambda$listAllFiles$3 (7 bytes)
Event: 2.551 Thread 0x0000025fd49efb10 nmethod 543 0x0000025fb9d63910 code [0x0000025fb9d63ac0, 0x0000025fb9d63ca8]
Event: 2.551 Thread 0x0000025fd49efb10  544       3       java.util.stream.ReduceOps$3ReducingSink::accept (15 bytes)
Event: 2.551 Thread 0x0000025fd49efb10 nmethod 544 0x0000025fb9d63d90 code [0x0000025fb9d63f80, 0x0000025fb9d64608]
Event: 3.056 Thread 0x0000025fd49ed060  545 %     4       java.lang.StringLatin1::inflate @ 3 (34 bytes)
Event: 3.061 Thread 0x0000025fd49ed060 nmethod 545% 0x0000025fc11d8f10 code [0x0000025fc11d90a0, 0x0000025fc11d9438]
Event: 3.109 Thread 0x0000025fd49ed060  546       4       java.lang.AbstractStringBuilder::<init> (39 bytes)
Event: 3.111 Thread 0x0000025fd49ed060 nmethod 546 0x0000025fc11d9590 code [0x0000025fc11d9720, 0x0000025fc11d9978]
Event: 3.142 Thread 0x0000025fd49ed060  547       4       sun.nio.fs.WindowsPath$WindowsPathWithAttributes::getFileSystem (5 bytes)
Event: 3.143 Thread 0x0000025fd49ed060 nmethod 547 0x0000025fc11d9a10 code [0x0000025fc11d9b80, 0x0000025fc11d9bf8]
Event: 3.264 Thread 0x0000025fd49ed060  548       4       java.nio.file.FileTreeIterator::fetchNextIfNeeded (65 bytes)

GC Heap History (0 events):
No events

Deoptimization events (18 events):
Event: 0.611 Thread 0x0000025fafa6afe0 DEOPT PACKING pc=0x0000025fb9cafaf4 sp=0x000000a97e3fc7b0
Event: 0.611 Thread 0x0000025fafa6afe0 DEOPT UNPACKING pc=0x0000025fb9736763 sp=0x000000a97e3fbc60 mode 0
Event: 0.971 Thread 0x0000025fafa6afe0 DEOPT PACKING pc=0x0000025fb9cfb93e sp=0x000000a97e3fac50
Event: 0.971 Thread 0x0000025fafa6afe0 DEOPT UNPACKING pc=0x0000025fb9736763 sp=0x000000a97e3fa0a8 mode 0
Event: 0.972 Thread 0x0000025fafa6afe0 DEOPT PACKING pc=0x0000025fb9cfb93e sp=0x000000a97e3fac50
Event: 0.972 Thread 0x0000025fafa6afe0 DEOPT UNPACKING pc=0x0000025fb9736763 sp=0x000000a97e3fa0a8 mode 0
Event: 0.986 Thread 0x0000025fafa6afe0 DEOPT PACKING pc=0x0000025fb9cfb93e sp=0x000000a97e3fdf30
Event: 0.986 Thread 0x0000025fafa6afe0 DEOPT UNPACKING pc=0x0000025fb9736763 sp=0x000000a97e3fd388 mode 0
Event: 1.246 Thread 0x0000025fafa6afe0 DEOPT PACKING pc=0x0000025fb9cd90ad sp=0x000000a97e3fb120
Event: 1.246 Thread 0x0000025fafa6afe0 DEOPT UNPACKING pc=0x0000025fb9736763 sp=0x000000a97e3fa5b8 mode 0
Event: 1.307 Thread 0x0000025fafa6afe0 DEOPT PACKING pc=0x0000025fb9c94f67 sp=0x000000a97e3fe380
Event: 1.307 Thread 0x0000025fafa6afe0 DEOPT UNPACKING pc=0x0000025fb9736763 sp=0x000000a97e3fd7a0 mode 0
Event: 1.373 Thread 0x0000025fafa6afe0 DEOPT PACKING pc=0x0000025fb9c934d1 sp=0x000000a97e3fedd0
Event: 1.373 Thread 0x0000025fafa6afe0 DEOPT UNPACKING pc=0x0000025fb9736763 sp=0x000000a97e3fe248 mode 0
Event: 1.553 Thread 0x0000025fafa6afe0 DEOPT PACKING pc=0x0000025fb9d2d598 sp=0x000000a97e3fedf0
Event: 1.553 Thread 0x0000025fafa6afe0 DEOPT UNPACKING pc=0x0000025fb9736763 sp=0x000000a97e3fe2f8 mode 0
Event: 3.282 Thread 0x0000025fafa6afe0 DEOPT PACKING pc=0x0000025fb9d42cbe sp=0x000000a97e3feb70
Event: 3.282 Thread 0x0000025fafa6afe0 DEOPT UNPACKING pc=0x0000025fb9736763 sp=0x000000a97e3fdfe8 mode 0

Classes unloaded (0 events):
No events

Classes redefined (0 events):
No events

Internal exceptions (1 events):
Event: 1.303 Thread 0x0000025fafa6afe0 Exception <a 'java/lang/NoSuchMethodError'{0x0000000713981a80}: 'void java.lang.invoke.DirectMethodHandle$Holder.invokeVirtual(java.lang.Object, java.lang.Object)'> (0x0000000713981a80) 
thrown [e:\jenkins\tmp\workspace\build\src\src\hotspot\share\interpreter\linkResolver.cpp, line 766]

VM Operations (6 events):
Event: 0.483 Executing VM operation: HandshakeAllThreads
Event: 0.483 Executing VM operation: HandshakeAllThreads done
Event: 0.726 Executing VM operation: HandshakeAllThreads
Event: 0.726 Executing VM operation: HandshakeAllThreads done
Event: 1.740 Executing VM operation: Cleanup
Event: 1.740 Executing VM operation: Cleanup done

Events (20 events):
Event: 1.298 loading class java/nio/file/Files$AcceptAllFilter
Event: 1.298 loading class java/nio/file/DirectoryStream$Filter
Event: 1.298 loading class java/nio/file/DirectoryStream$Filter done
Event: 1.298 loading class java/nio/file/Files$AcceptAllFilter done
Event: 1.298 loading class sun/nio/fs/WindowsDirectoryStream
Event: 1.299 loading class java/nio/file/DirectoryStream
Event: 1.299 loading class java/nio/file/DirectoryStream done
Event: 1.299 loading class sun/nio/fs/WindowsDirectoryStream done
Event: 1.299 loading class java/nio/file/FileTreeWalker$DirectoryNode
Event: 1.299 loading class java/nio/file/FileTreeWalker$DirectoryNode done
Event: 1.300 loading class sun/nio/fs/WindowsDirectoryStream$WindowsDirectoryIterator
Event: 1.300 loading class sun/nio/fs/WindowsDirectoryStream$WindowsDirectoryIterator done
Event: 1.300 loading class java/nio/file/FileTreeWalker$Event
Event: 1.300 loading class java/nio/file/FileTreeWalker$Event done
Event: 1.300 loading class java/nio/file/FileTreeWalker$EventType
Event: 1.300 loading class java/nio/file/FileTreeWalker$EventType done
Event: 1.310 loading class sun/nio/fs/WindowsPath$WindowsPathWithAttributes
Event: 1.310 loading class sun/nio/fs/BasicFileAttributesHolder
Event: 1.310 loading class sun/nio/fs/BasicFileAttributesHolder done
Event: 1.310 loading class sun/nio/fs/WindowsPath$WindowsPathWithAttributes done


Dynamic libraries:
0x00007ff705b60000 - 0x00007ff705b6e000 	C:\Program Files\Eclipse Adoptium\jdk-17.0.2.8-hotspot\bin\java.exe
0x00007ffebf990000 - 0x00007ffebfba4000 	C:\WINDOWS\SYSTEM32\ntdll.dll
0x00007ffebe280000 - 0x00007ffebe342000 	C:\WINDOWS\System32\KERNEL32.DLL
0x00007ffebd380000 - 0x00007ffebd71c000 	C:\WINDOWS\System32\KERNELBASE.dll
0x00007ffebcdd0000 - 0x00007ffebcee1000 	C:\WINDOWS\System32\ucrtbase.dll
0x00007ffeb0540000 - 0x00007ffeb0558000 	C:\Program Files\Eclipse Adoptium\jdk-17.0.2.8-hotspot\bin\jli.dll
0x00007ffebee30000 - 0x00007ffebefdb000 	C:\WINDOWS\System32\USER32.dll
0x00007ffebcef0000 - 0x00007ffebcf16000 	C:\WINDOWS\System32\win32u.dll
0x00007ffebd960000 - 0x00007ffebd989000 	C:\WINDOWS\System32\GDI32.dll
0x00007ffebd260000 - 0x00007ffebd373000 	C:\WINDOWS\System32\gdi32full.dll
0x00007ffebd1c0000 - 0x00007ffebd25a000 	C:\WINDOWS\System32\msvcp_win.dll
0x00007ffe545c0000 - 0x00007ffe545d9000 	C:\Program Files\Eclipse Adoptium\jdk-17.0.2.8-hotspot\bin\VCRUNTIME140.dll
0x00007ffebc050000 - 0x00007ffebc2de000 	C:\WINDOWS\WinSxS\amd64_microsoft.windows.common-controls_6595b64144ccf1df_6.0.22621.608_none_a9444ca7c10bb01d\COMCTL32.dll
0x00007ffebf2a0000 - 0x00007ffebf347000 	C:\WINDOWS\System32\msvcrt.dll
0x00007ffebe910000 - 0x00007ffebe941000 	C:\WINDOWS\System32\IMM32.DLL
0x00007ffeb10a0000 - 0x00007ffeb10ac000 	C:\Program Files\Eclipse Adoptium\jdk-17.0.2.8-hotspot\bin\vcruntime140_1.dll
0x00007ffe3c880000 - 0x00007ffe3c911000 	C:\Program Files\Eclipse Adoptium\jdk-17.0.2.8-hotspot\bin\msvcp140.dll
0x00007ffe38890000 - 0x00007ffe394d7000 	C:\Program Files\Eclipse Adoptium\jdk-17.0.2.8-hotspot\bin\server\jvm.dll
0x00007ffebf700000 - 0x00007ffebf7ae000 	C:\WINDOWS\System32\ADVAPI32.dll
0x00007ffebe860000 - 0x00007ffebe904000 	C:\WINDOWS\System32\sechost.dll
0x00007ffebf830000 - 0x00007ffebf947000 	C:\WINDOWS\System32\RPCRT4.dll
0x00007ffebf350000 - 0x00007ffebf358000 	C:\WINDOWS\System32\PSAPI.DLL
0x00007ffe985f0000 - 0x00007ffe985f9000 	C:\WINDOWS\SYSTEM32\WSOCK32.dll
0x00007ffebe6f0000 - 0x00007ffebe761000 	C:\WINDOWS\System32\WS2_32.dll
0x00007ffeb6f20000 - 0x00007ffeb6f54000 	C:\WINDOWS\SYSTEM32\WINMM.dll
0x00007ffebb2d0000 - 0x00007ffebb2da000 	C:\WINDOWS\SYSTEM32\VERSION.dll
0x00007ffebaf70000 - 0x00007ffebaf88000 	C:\WINDOWS\SYSTEM32\kernel.appcore.dll
0x00007ffe7bcb0000 - 0x00007ffe7bcba000 	C:\Program Files\Eclipse Adoptium\jdk-17.0.2.8-hotspot\bin\jimage.dll
0x00007ffebc700000 - 0x00007ffebc92e000 	C:\WINDOWS\SYSTEM32\DBGHELP.DLL
0x00007ffebe350000 - 0x00007ffebe6d9000 	C:\WINDOWS\System32\combase.dll
0x00007ffebf620000 - 0x00007ffebf6f7000 	C:\WINDOWS\System32\OLEAUT32.dll
0x00007ffebc5c0000 - 0x00007ffebc5f2000 	C:\WINDOWS\SYSTEM32\dbgcore.DLL
0x00007ffebd720000 - 0x00007ffebd79b000 	C:\WINDOWS\System32\bcryptPrimitives.dll
0x00007ffe3ce20000 - 0x00007ffe3ce45000 	C:\Program Files\Eclipse Adoptium\jdk-17.0.2.8-hotspot\bin\java.dll
0x00007ffe3c7a0000 - 0x00007ffe3c876000 	C:\Program Files\Eclipse Adoptium\jdk-17.0.2.8-hotspot\bin\jsvml.dll
0x00007ffebd990000 - 0x00007ffebe180000 	C:\WINDOWS\System32\SHELL32.dll
0x00007ffeb9e80000 - 0x00007ffeba74d000 	C:\WINDOWS\SYSTEM32\windows.storage.dll
0x00007ffeb9d40000 - 0x00007ffeb9e7e000 	C:\WINDOWS\SYSTEM32\wintypes.dll
0x00007ffebf370000 - 0x00007ffebf461000 	C:\WINDOWS\System32\SHCORE.dll
0x00007ffebe770000 - 0x00007ffebe7ce000 	C:\WINDOWS\System32\shlwapi.dll
0x00007ffebcd00000 - 0x00007ffebcd21000 	C:\WINDOWS\SYSTEM32\profapi.dll
0x00007ffe545a0000 - 0x00007ffe545b9000 	C:\Program Files\Eclipse Adoptium\jdk-17.0.2.8-hotspot\bin\net.dll
0x00007ffeb26f0000 - 0x00007ffeb2827000 	C:\WINDOWS\SYSTEM32\WINHTTP.dll
0x00007ffebb3d0000 - 0x00007ffebb439000 	C:\WINDOWS\system32\mswsock.dll
0x00007ffe3c780000 - 0x00007ffe3c795000 	C:\Program Files\Eclipse Adoptium\jdk-17.0.2.8-hotspot\bin\nio.dll
0x00007ffe3c760000 - 0x00007ffe3c778000 	C:\Program Files\Eclipse Adoptium\jdk-17.0.2.8-hotspot\bin\zip.dll

dbghelp: loaded successfully - version: 4.0.5 - missing functions: none
symbol engine: initialized successfully - sym options: 0x614 - pdb path: .;C:\Program Files\Eclipse Adoptium\jdk-17.0.2.8-hotspot\bin;C:\WINDOWS\SYSTEM32;C:\WINDOWS\WinSxS\amd64_microsoft.windows.common-controls_6595b64144ccf1df_6.0.22621.608_none_a9444ca7c10bb01d;C:\Program Files\Eclipse Adoptium\jdk-17.0.2.8-hotspot\bin\server

VM Arguments:
jvm_args: -Dfile.encoding=utf8 
java_command: c:\Users\siver\.vscode\extensions\vscjava.vscode-gradle-3.12.7\lib\gradle-language-server.jar
java_class_path (initial): c:\Users\siver\.vscode\extensions\vscjava.vscode-gradle-3.12.7\lib\gradle-language-server.jar
Launcher Type: SUN_STANDARD

[Global flags]
     intx CICompilerCount                          = 4                                         {product} {ergonomic}
     uint ConcGCThreads                            = 2                                         {product} {ergonomic}
     uint G1ConcRefinementThreads                  = 8                                         {product} {ergonomic}
   size_t G1HeapRegionSize                         = 2097152                                   {product} {ergonomic}
    uintx GCDrainStackTargetSize                   = 64                                        {product} {ergonomic}
   size_t InitialHeapSize                          = 264241152                                 {product} {ergonomic}
   size_t MarkStackSize                            = 4194304                                   {product} {ergonomic}
   size_t MaxHeapSize                              = 4223664128                                {product} {ergonomic}
   size_t MaxNewSize                               = 2533359616                                {product} {ergonomic}
   size_t MinHeapDeltaBytes                        = 2097152                                   {product} {ergonomic}
   size_t MinHeapSize                              = 8388608                                   {product} {ergonomic}
    uintx NonNMethodCodeHeapSize                   = 5839372                                {pd product} {ergonomic}
    uintx NonProfiledCodeHeapSize                  = 122909434                              {pd product} {ergonomic}
    uintx ProfiledCodeHeapSize                     = 122909434                              {pd product} {ergonomic}
    uintx ReservedCodeCacheSize                    = 251658240                              {pd product} {ergonomic}
     bool SegmentedCodeCache                       = true                                      {product} {ergonomic}
   size_t SoftMaxHeapSize                          = 4223664128                             {manageable} {ergonomic}
     bool UseCompressedClassPointers               = true                           {product lp64_product} {ergonomic}
     bool UseCompressedOops                        = true                           {product lp64_product} {ergonomic}
     bool UseG1GC                                  = true                                      {product} {ergonomic}
     bool UseLargePagesIndividualAllocation        = false                                  {pd product} {ergonomic}

Logging:
Log output configuration:
 #0: stdout all=warning uptime,level,tags
 #1: stderr all=off uptime,level,tags

Environment Variables:
PATH=C:\Python311\Scripts\;C:\Python311\;C:\Program Files\Eclipse Adoptium\jdk-17.0.2.8-hotspot\bin;C:\WINDOWS\system32;C:\WINDOWS;C:\WINDOWS\System32\Wbem;C:\WINDOWS\System32\WindowsPowerShell\v1.0\;C:\WINDOWS\System32\OpenSSH\;C:\Program Files (x86)\STMicroelectronics\STM32 ST-LINK Utility\ST-LINK Utility;C:\Program Files\dotnet\;C:\Users\siver\OneDrive\Skrivebord\apache-maven-3.8.5\bin;C:\Program Files\Git\cmd;C:\ProgramData\chocolatey\bin;C:\Program Files\nodejs\;C:\Program Files\Docker\Docker\resources\bin;C:\Program Files\MySQL\MySQL Shell 8.0\bin\;C:\Users\siver\AppData\Local\Microsoft\WindowsApps;C:\Users\siver\AppData\Local\GitHubDesktop\bin;C:\Users\siver\AppData\Local\JetBrains\Toolbox\scripts;C:\Users\siver\AppData\Local\Microsoft\WindowsApps;C:\Users\siver\.dotnet\tools;C:\Users\siver\AppData\Local\Programs\Microsoft VS Code\bin;C:\Users\siver\AppData\Roaming\TinyTeX\bin\win32;C:\Users\siver\AppData\Local\Android\Sdk\platform-tools;C:\Users\siver\AppData\Roaming\npm;
USERNAME=siver
OS=Windows_NT
PROCESSOR_IDENTIFIER=Intel64 Family 6 Model 140 Stepping 1, GenuineIntel



---------------  S Y S T E M  ---------------

OS:
 Windows 11 , 64 bit Build 22621 (10.0.22621.1485)
OS uptime: 0 days 0:00 hours
Hyper-V role detected

CPU: total 8 (initial active 8) (4 cores per cpu, 2 threads per core) family 6 model 140 stepping 1 microcode 0xa4, cx8, cmov, fxsr, ht, mmx, 3dnowpref, sse, sse2, sse3, ssse3, sse4.1, sse4.2, popcnt, lzcnt, tsc, tscinvbit, avx, avx2, aes, erms, clmul, bmi1, bmi2, adx, avx512f, avx512dq, avx512cd, avx512bw, avx512vl, sha, fma, vzeroupper, avx512_vpopcntdq, avx512_vpclmulqdq, avx512_vaes, avx512_vnni, clflush, clflushopt, clwb, avx512_vbmi2, avx512_vbmi, hv

Memory: 4k page, system-wide physical 16107M (8496M free)
TotalPageFile size 28395M (AvailPageFile size 20407M)
current process WorkingSet (physical memory assigned to process): 59M, peak: 59M
current process commit charge ("private bytes"): 354M, peak: 355M

vm_info: OpenJDK 64-Bit Server VM (17.0.2+8) for windows-amd64 JRE (17.0.2+8), built on Jan 20 2022 04:52:34 by "" with MS VC++ 16.7 (VS2019)

END.
