#
# A fatal error has been detected by the Java Runtime Environment:
#
#  EXCEPTION_ACCESS_VIOLATION (0xc0000005) at pc=0x00007fffe172c749, pid=14820, tid=3064
#
# JRE version: OpenJDK Runtime Environment Temurin-17.0.2+8 (17.0.2+8) (build 17.0.2+8)
# Java VM: OpenJDK 64-Bit Server VM Temurin-17.0.2+8 (17.0.2+8, mixed mode, sharing, tiered, compressed oops, compressed class ptrs, g1 gc, windows-amd64)
# Problematic frame:
# V  [jvm.dll+0x1bc749]
#
# No core dump will be written. Minidumps are not enabled by default on client versions of Windows
#
# If you would like to submit a bug report, please visit:
#   https://github.com/adoptium/adoptium-support/issues
#

---------------  S U M M A R Y ------------

Command Line: -XX:MaxMetaspaceSize=512m --add-opens=java.base/java.util=ALL-UNNAMED --add-opens=java.base/java.lang=ALL-UNNAMED --add-opens=java.base/java.lang.invoke=ALL-UNNAMED --add-opens=java.base/java.util=ALL-UNNAMED --add-opens=java.prefs/java.util.prefs=ALL-UNNAMED --add-opens=java.prefs/java.util.prefs=ALL-UNNAMED --add-opens=java.base/java.nio.charset=ALL-UNNAMED --add-opens=java.base/java.net=ALL-UNNAMED --add-opens=java.base/java.util.concurrent.atomic=ALL-UNNAMED -Xmx2048m -Dfile.encoding=utf8 -Duser.country=US -Duser.language=en -Duser.variant org.gradle.launcher.daemon.bootstrap.GradleDaemon 7.5.1

Host: 11th Gen Intel(R) Core(TM) i7-1165G7 @ 2.80GHz, 8 cores, 15G,  Windows 11 , 64 bit Build 22621 (10.0.22621.1485)
Time: Tue May  2 11:19:35 2023 W. Europe Daylight Time elapsed time: 9.749648 seconds (0d 0h 0m 9s)

---------------  T H R E A D  ---------------

Current thread (0x0000021f152c4fe0):  JavaThread "C2 CompilerThread1" daemon [_thread_in_native, id=3064, stack(0x0000009addc00000,0x0000009addd00000)]


Current CompileTask:
C2:   9749 6674   !   4       com.google.common.reflect.TypeVisitor::visit (244 bytes)

Stack: [0x0000009addc00000,0x0000009addd00000],  sp=0x0000009addcfb6d0,  free space=1005k
Native frames: (J=compiled Java code, j=interpreted, Vv=VM code, C=native code)
V  [jvm.dll+0x1bc749]
V  [jvm.dll+0x1bbeef]
V  [jvm.dll+0x1bb98b]
V  [jvm.dll+0x218229]
V  [jvm.dll+0x2174f1]
V  [jvm.dll+0x1a3a8d]
V  [jvm.dll+0x226ef8]
V  [jvm.dll+0x22503c]
V  [jvm.dll+0x7e596b]
V  [jvm.dll+0x7dff2a]
V  [jvm.dll+0x6744d5]
C  [ucrtbase.dll+0x29363]
C  [KERNEL32.DLL+0x1269d]
C  [ntdll.dll+0x5a9f8]


siginfo: EXCEPTION_ACCESS_VIOLATION (0xc0000005), reading address 0x00000220184e2030


Register to memory mapping:

RIP=0x00007fffe172c749 jvm.dll
RAX=0x0000000000000002 is an unknown value
RBX=0x0000021f169001a8 points into unknown readable memory: 0x0000000000000000 | 00 00 00 00 00 00 00 00
RCX=0x0000009addcfbd20 is pointing into the stack for thread: 0x0000021f152c4fe0
RDX=0x0000000040000800 is an unknown value
RSP=0x0000009addcfb6d0 is pointing into the stack for thread: 0x0000021f152c4fe0
RBP=0x0000009addcfb769 is pointing into the stack for thread: 0x0000021f152c4fe0
RSI=0x0000009addcfbd20 is pointing into the stack for thread: 0x0000021f152c4fe0
RDI=0x0000021f16900170 points into unknown readable memory: 0x3ef09984387c3e17 | 17 3e 7c 38 84 99 f0 3e
R8 =0x0000021f184e0030 points into unknown readable memory: 0x0000000100000000 | 00 00 00 00 01 00 00 00
R9 =0xffffffffffffffff is an unknown value
R10=0x000000000000000b is an unknown value
R11=0x0000021f169001a8 points into unknown readable memory: 0x0000000000000000 | 00 00 00 00 00 00 00 00
R12=0x00000000000e09c0 is an unknown value
R13=0x0000009addcfbd20 is pointing into the stack for thread: 0x0000021f152c4fe0
R14=0x0 is NULL
R15=0x0000021f16900170 points into unknown readable memory: 0x3ef09984387c3e17 | 17 3e 7c 38 84 99 f0 3e


Registers:
RAX=0x0000000000000002, RBX=0x0000021f169001a8, RCX=0x0000009addcfbd20, RDX=0x0000000040000800
RSP=0x0000009addcfb6d0, RBP=0x0000009addcfb769, RSI=0x0000009addcfbd20, RDI=0x0000021f16900170
R8 =0x0000021f184e0030, R9 =0xffffffffffffffff, R10=0x000000000000000b, R11=0x0000021f169001a8
R12=0x00000000000e09c0, R13=0x0000009addcfbd20, R14=0x0000000000000000, R15=0x0000021f16900170
RIP=0x00007fffe172c749, EFLAGS=0x0000000000010202

Top of Stack: (sp=0x0000009addcfb6d0)
0x0000009addcfb6d0:   0000021f168d4468 0000021f1688ac90
0x0000009addcfb6e0:   0000000000000000 000000020000004b
0x0000009addcfb6f0:   000000000fccf000 0000000000000000
0x0000009addcfb700:   0000000000000000 0000000000000000
0x0000009addcfb710:   0000000000000000 0000000000000000
0x0000009addcfb720:   0000000000002003 00007fffe18d81f4
0x0000009addcfb730:   0000000000000000 0000000000000000
0x0000009addcfb740:   0000000000000000 0000000000000000
0x0000009addcfb750:   0000021f15e1c3f0 00007fffe18d3717
0x0000009addcfb760:   ffffffffffffffff 0000000000001676
0x0000009addcfb770:   0000000000000000 0000000000000000
0x0000009addcfb780:   0000000000000000 0000000100001639
0x0000009addcfb790:   0000002100000017 0000021f14b770c0
0x0000009addcfb7a0:   0000021f154f73c0 0000021f15e1ea10
0x0000009addcfb7b0:   0000000000000000 0000000000000001
0x0000009addcfb7c0:   0000000000000000 00007fffe172beef 

Instructions: (pc=0x00007fffe172c749)
0x00007fffe172c649:   1f 84 00 00 00 00 00 49 8b 82 f0 00 00 00 49 63
0x00007fffe172c659:   c9 44 8b 0c 88 44 89 04 88 45 3b c8 75 e9 48 63
0x00007fffe172c669:   4a 28 45 8b c1 49 8b 82 08 01 00 00 44 89 0c 88
0x00007fffe172c679:   49 8b 8a 08 01 00 00 4d 8b 9a f0 00 00 00 48 63
0x00007fffe172c689:   43 28 4c 63 0c 81 4b 63 04 8b 41 3b c1 75 0a 45
0x00007fffe172c699:   89 04 83 48 8b 5c 24 08 c3 8b d0 48 63 c8 41 8b
0x00007fffe172c6a9:   04 8b 3b c2 75 f3 44 3b c8 74 22 0f 1f 40 00 0f
0x00007fffe172c6b9:   1f 84 00 00 00 00 00 49 8b 8a f0 00 00 00 49 63
0x00007fffe172c6c9:   d1 44 8b 0c 91 89 04 91 44 3b c8 75 ea 48 63 4b
0x00007fffe172c6d9:   28 49 8b 82 08 01 00 00 48 8b 5c 24 08 44 89 0c
0x00007fffe172c6e9:   88 49 8b 82 f0 00 00 00 49 63 c9 44 89 04 88 c3
0x00007fffe172c6f9:   cc cc cc cc cc cc cc 48 8b 81 08 01 00 00 48 81
0x00007fffe172c709:   c1 e0 00 00 00 4d 63 40 28 8b 52 28 46 8b 04 80
0x00007fffe172c719:   e9 b2 0b 00 00 cc cc 48 89 74 24 18 55 57 41 56
0x00007fffe172c729:   48 8d 6c 24 b9 48 81 ec e0 00 00 00 45 8b f0 48
0x00007fffe172c739:   8b fa 48 63 52 20 48 8b f1 4c 8b 81 f0 00 00 00
0x00007fffe172c749:   45 8b 0c 90 44 3b ca 74 47 0f 1f 40 00 66 66 0f
0x00007fffe172c759:   1f 84 00 00 00 00 00 41 8b c9 49 63 c1 45 8b 0c
0x00007fffe172c769:   80 44 3b c9 75 f1 41 3b d1 74 22 0f 1f 40 00 0f
0x00007fffe172c779:   1f 84 00 00 00 00 00 48 8b 86 f0 00 00 00 48 63
0x00007fffe172c789:   ca 8b 14 88 44 89 0c 88 41 3b d1 75 ea 44 8b ca
0x00007fffe172c799:   48 89 9c 24 00 01 00 00 4c 89 bc 24 08 01 00 00
0x00007fffe172c7a9:   45 85 c9 0f 84 11 01 00 00 41 8b c1 4c 8d 0c 80
0x00007fffe172c7b9:   48 8b 46 70 49 c1 e1 05 4c 03 48 10 41 83 39 00
0x00007fffe172c7c9:   0f 84 f4 00 00 00 45 33 c0 41 bb 04 00 00 00 4c
0x00007fffe172c7d9:   89 45 87 41 8b d8 89 5d 97 45 8b d0 44 89 45 8f
0x00007fffe172c7e9:   44 89 5d 93 45 8b 79 04 44 89 7d 9b 4c 89 45 9f
0x00007fffe172c7f9:   49 8b 41 08 48 89 45 a7 4c 89 4d af 4d 85 c0 74
0x00007fffe172c809:   1c 49 0f bc c0 8b c8 49 d3 e8 49 ff c8 44 03 d0
0x00007fffe172c819:   4c 89 45 87 44 89 55 8f 41 8b c2 eb 2b 41 83 fb
0x00007fffe172c829:   04 72 09 41 3b df 0f 83 8e 00 00 00 48 8d 4d 87
0x00007fffe172c839:   e8 e2 b7 1a 00 44 8b 5d 93 44 8b 55 8f 4c 8b 45 


Stack slot to memory mapping:
stack at sp + 0 slots: 0x0000021f168d4468 points into unknown readable memory: 0x0000000000003000 | 00 30 00 00 00 00 00 00
stack at sp + 1 slots: 0x0000021f1688ac90 points into unknown readable memory: 0x3e46d63d02681697 | 97 16 68 02 3d d6 46 3e
stack at sp + 2 slots: 0x0 is NULL
stack at sp + 3 slots: 0x000000020000004b is an unknown value
stack at sp + 4 slots: 0x000000000fccf000 is an unknown value
stack at sp + 5 slots: 0x0 is NULL
stack at sp + 6 slots: 0x0 is NULL
stack at sp + 7 slots: 0x0 is NULL


---------------  P R O C E S S  ---------------

Threads class SMR info:
_java_thread_list=0x0000021f1768b360, length=82, elements={
0x0000021f73aaf5a0, 0x0000021f7eecbd30, 0x0000021f7eecc8e0, 0x0000021f7eee55d0,
0x0000021f7eee5f80, 0x0000021f7eee6840, 0x0000021f7eee8200, 0x0000021f7eee8ee0,
0x0000021f7eef0df0, 0x0000021f7eef3000, 0x0000021f7fa14aa0, 0x0000021f7fa14f70,
0x0000021f1429e7e0, 0x0000021f1429de40, 0x0000021f1429fff0, 0x0000021f142a04c0,
0x0000021f142a0990, 0x0000021f1429ecb0, 0x0000021f1429f650, 0x0000021f142a0e60,
0x0000021f1429f180, 0x0000021f1429fb20, 0x0000021f142a1800, 0x0000021f1429e310,
0x0000021f142a1330, 0x0000021f17378bd0, 0x0000021f1737c590, 0x0000021f173790a0,
0x0000021f1737a3e0, 0x0000021f173756e0, 0x0000021f1737a8b0, 0x0000021f173773c0,
0x0000021f17379a40, 0x0000021f17379f10, 0x0000021f17377890, 0x0000021f17378700,
0x0000021f1737bbf0, 0x0000021f1737c0c0, 0x0000021f1737ad80, 0x0000021f152c4fe0,
0x0000021f17375bb0, 0x0000021f1737b720, 0x0000021f17376080, 0x0000021f1737ca60,
0x0000021f17376550, 0x0000021f13091fa0, 0x0000021f13096300, 0x0000021f13092470,
0x0000021f130932e0, 0x0000021f13094af0, 0x0000021f13093c80, 0x0000021f13094620,
0x0000021f130902c0, 0x0000021f13094fc0, 0x0000021f13095490, 0x0000021f13090790,
0x0000021f13091ad0, 0x0000021f13092940, 0x0000021f13090c60, 0x0000021f13095960,
0x0000021f13094150, 0x0000021f13091130, 0x0000021f13095e30, 0x0000021f1308eab0,
0x0000021f13091600, 0x0000021f1308f450, 0x0000021f1308ef80, 0x0000021f13092e10,
0x0000021f1308f920, 0x0000021f1308fdf0, 0x0000021f130937b0, 0x0000021f19cf8f20,
0x0000021f19cfbf40, 0x0000021f19cfb0d0, 0x0000021f19cfc410, 0x0000021f19cfd280,
0x0000021f19cf8580, 0x0000021f19cfba70, 0x0000021f19cfa260, 0x0000021f19cfc8e0,
0x0000021f13443370, 0x0000021f19cf80b0
}

Java Threads: ( => current thread )
  0x0000021f73aaf5a0 JavaThread "main" [_thread_blocked, id=2496, stack(0x0000009adc900000,0x0000009adca00000)]
  0x0000021f7eecbd30 JavaThread "Reference Handler" daemon [_thread_blocked, id=6432, stack(0x0000009add000000,0x0000009add100000)]
  0x0000021f7eecc8e0 JavaThread "Finalizer" daemon [_thread_blocked, id=15036, stack(0x0000009add100000,0x0000009add200000)]
  0x0000021f7eee55d0 JavaThread "Signal Dispatcher" daemon [_thread_blocked, id=2320, stack(0x0000009add200000,0x0000009add300000)]
  0x0000021f7eee5f80 JavaThread "Attach Listener" daemon [_thread_blocked, id=5108, stack(0x0000009add300000,0x0000009add400000)]
  0x0000021f7eee6840 JavaThread "Service Thread" daemon [_thread_blocked, id=8056, stack(0x0000009add400000,0x0000009add500000)]
  0x0000021f7eee8200 JavaThread "Monitor Deflation Thread" daemon [_thread_blocked, id=13076, stack(0x0000009add500000,0x0000009add600000)]
  0x0000021f7eee8ee0 JavaThread "C2 CompilerThread0" daemon [_thread_in_native, id=13352, stack(0x0000009add600000,0x0000009add700000)]
  0x0000021f7eef0df0 JavaThread "C1 CompilerThread0" daemon [_thread_blocked, id=1972, stack(0x0000009add700000,0x0000009add800000)]
  0x0000021f7eef3000 JavaThread "Sweeper thread" daemon [_thread_blocked, id=9992, stack(0x0000009add800000,0x0000009add900000)]
  0x0000021f7fa14aa0 JavaThread "Common-Cleaner" daemon [_thread_blocked, id=15696, stack(0x0000009add900000,0x0000009adda00000)]
  0x0000021f7fa14f70 JavaThread "Notification Thread" daemon [_thread_blocked, id=8012, stack(0x0000009adda00000,0x0000009addb00000)]
  0x0000021f1429e7e0 JavaThread "Daemon health stats" [_thread_blocked, id=16452, stack(0x0000009ade300000,0x0000009ade400000)]
  0x0000021f1429de40 JavaThread "Incoming local TCP Connector on port 50883" [_thread_in_native, id=10696, stack(0x0000009ade400000,0x0000009ade500000)]
  0x0000021f1429fff0 JavaThread "Daemon periodic checks" [_thread_blocked, id=18380, stack(0x0000009ade500000,0x0000009ade600000)]
  0x0000021f142a04c0 JavaThread "Daemon" [_thread_blocked, id=15956, stack(0x0000009ade600000,0x0000009ade700000)]
  0x0000021f142a0990 JavaThread "Handler for socket connection from /127.0.0.1:50883 to /127.0.0.1:50884" [_thread_in_native, id=7796, stack(0x0000009ade700000,0x0000009ade800000)]
  0x0000021f1429ecb0 JavaThread "Cancel handler" [_thread_blocked, id=3308, stack(0x0000009ade800000,0x0000009ade900000)]
  0x0000021f1429f650 JavaThread "Daemon worker" [_thread_in_native, id=17572, stack(0x0000009ade900000,0x0000009adea00000)]
  0x0000021f142a0e60 JavaThread "Asynchronous log dispatcher for DefaultDaemonConnection: socket connection from /127.0.0.1:50883 to /127.0.0.1:50884" [_thread_blocked, id=9872, stack(0x0000009adea00000,0x0000009adeb00000)]
  0x0000021f1429f180 JavaThread "Stdin handler" [_thread_blocked, id=7544, stack(0x0000009adeb00000,0x0000009adec00000)]
  0x0000021f1429fb20 JavaThread "Daemon client event forwarder" [_thread_blocked, id=11240, stack(0x0000009addd00000,0x0000009adde00000)]
  0x0000021f142a1800 JavaThread "Cache worker for journal cache (C:\Users\siver\.gradle\caches\journal-1)" [_thread_blocked, id=13596, stack(0x0000009adec00000,0x0000009aded00000)]
  0x0000021f1429e310 JavaThread "File lock request listener" [_thread_in_native, id=12876, stack(0x0000009aded00000,0x0000009adee00000)]
  0x0000021f142a1330 JavaThread "Cache worker for file hash cache (C:\Users\siver\.gradle\caches\7.5.1\fileHashes)" [_thread_blocked, id=9232, stack(0x0000009adee00000,0x0000009adef00000)]
  0x0000021f17378bd0 JavaThread "File watcher server" daemon [_thread_in_native, id=4592, stack(0x0000009adef00000,0x0000009adf000000)]
  0x0000021f1737c590 JavaThread "File watcher consumer" daemon [_thread_blocked, id=5364, stack(0x0000009adf000000,0x0000009adf100000)]
  0x0000021f173790a0 JavaThread "Cache worker for checksums cache (C:\Users\siver\halp\android\.gradle\7.5.1\checksums)" [_thread_blocked, id=5464, stack(0x0000009adf200000,0x0000009adf300000)]
  0x0000021f1737a3e0 JavaThread "Cache worker for cache directory md-rule (C:\Users\siver\.gradle\caches\7.5.1\md-rule)" [_thread_blocked, id=15848, stack(0x0000009adf300000,0x0000009adf400000)]
  0x0000021f173756e0 JavaThread "Cache worker for file content cache (C:\Users\siver\.gradle\caches\7.5.1\fileContent)" [_thread_blocked, id=12740, stack(0x0000009adf400000,0x0000009adf500000)]
  0x0000021f1737a8b0 JavaThread "Cache worker for file hash cache (C:\Users\siver\halp\android\.gradle\7.5.1\fileHashes)" [_thread_blocked, id=10964, stack(0x0000009adf500000,0x0000009adf600000)]
  0x0000021f173773c0 JavaThread "Cache worker for cache directory md-supplier (C:\Users\siver\.gradle\caches\7.5.1\md-supplier)" [_thread_blocked, id=6116, stack(0x0000009adf900000,0x0000009adfa00000)]
  0x0000021f17379a40 JavaThread "Cache worker for execution history cache (C:\Users\siver\.gradle\caches\7.5.1\executionHistory)" [_thread_blocked, id=9904, stack(0x0000009adfa00000,0x0000009adfb00000)]
  0x0000021f17379f10 JavaThread "jar transforms" [_thread_blocked, id=10352, stack(0x0000009adfb00000,0x0000009adfc00000)]
  0x0000021f17377890 JavaThread "jar transforms Thread 2" [_thread_blocked, id=9244, stack(0x0000009adfc00000,0x0000009adfd00000)]
  0x0000021f17378700 JavaThread "jar transforms Thread 3" [_thread_blocked, id=16736, stack(0x0000009adfd00000,0x0000009adfe00000)]
  0x0000021f1737bbf0 JavaThread "jar transforms Thread 4" [_thread_blocked, id=11892, stack(0x0000009adfe00000,0x0000009adff00000)]
  0x0000021f1737c0c0 JavaThread "jar transforms Thread 5" [_thread_blocked, id=13936, stack(0x0000009adff00000,0x0000009ae0000000)]
  0x0000021f1737ad80 JavaThread "jar transforms Thread 6" [_thread_blocked, id=18036, stack(0x0000009ae0000000,0x0000009ae0100000)]
=>0x0000021f152c4fe0 JavaThread "C2 CompilerThread1" daemon [_thread_in_native, id=3064, stack(0x0000009addc00000,0x0000009addd00000)]
  0x0000021f17375bb0 JavaThread "Cache worker for kotlin-dsl (C:\Users\siver\.gradle\caches\7.5.1\kotlin-dsl)" [_thread_blocked, id=1044, stack(0x0000009adf100000,0x0000009adf200000)]
  0x0000021f1737b720 JavaThread "jar transforms Thread 7" [_thread_blocked, id=16556, stack(0x0000009ae0200000,0x0000009ae0300000)]
  0x0000021f17376080 JavaThread "jar transforms Thread 8" [_thread_blocked, id=15504, stack(0x0000009ae0300000,0x0000009ae0400000)]
  0x0000021f1737ca60 JavaThread "Cache worker for dependencies-accessors (C:\Users\siver\halp\android\.gradle\7.5.1\dependencies-accessors)" [_thread_blocked, id=10656, stack(0x0000009ae0400000,0x0000009ae0500000)]
  0x0000021f17376550 JavaThread "Cache worker for Build Output Cleanup Cache (C:\Users\siver\halp\node_modules\react-native-gradle-plugin\.gradle\buildOutputCleanup)" [_thread_blocked, id=1700, stack(0x0000009ae0500000,0x0000009ae0600000)]
  0x0000021f13091fa0 JavaThread "Unconstrained build operations" [_thread_blocked, id=11792, stack(0x0000009ae0700000,0x0000009ae0800000)]
  0x0000021f13096300 JavaThread "Unconstrained build operations Thread 2" [_thread_blocked, id=14316, stack(0x0000009ae0800000,0x0000009ae0900000)]
  0x0000021f13092470 JavaThread "Unconstrained build operations Thread 3" [_thread_blocked, id=9596, stack(0x0000009ae0900000,0x0000009ae0a00000)]
  0x0000021f130932e0 JavaThread "Unconstrained build operations Thread 4" [_thread_blocked, id=17888, stack(0x0000009ae0a00000,0x0000009ae0b00000)]
  0x0000021f13094af0 JavaThread "Unconstrained build operations Thread 5" [_thread_blocked, id=10052, stack(0x0000009ae0b00000,0x0000009ae0c00000)]
  0x0000021f13093c80 JavaThread "Unconstrained build operations Thread 6" [_thread_blocked, id=18188, stack(0x0000009ae0c00000,0x0000009ae0d00000)]
  0x0000021f13094620 JavaThread "Unconstrained build operations Thread 7" [_thread_blocked, id=18248, stack(0x0000009ae0d00000,0x0000009ae0e00000)]
  0x0000021f130902c0 JavaThread "Unconstrained build operations Thread 8" [_thread_blocked, id=17892, stack(0x0000009ae0e00000,0x0000009ae0f00000)]
  0x0000021f13094fc0 JavaThread "Unconstrained build operations Thread 9" [_thread_blocked, id=5456, stack(0x0000009ae0f00000,0x0000009ae1000000)]
  0x0000021f13095490 JavaThread "Unconstrained build operations Thread 10" [_thread_blocked, id=9832, stack(0x0000009ae1000000,0x0000009ae1100000)]
  0x0000021f13090790 JavaThread "Unconstrained build operations Thread 11" [_thread_blocked, id=17204, stack(0x0000009ae0100000,0x0000009ae0200000)]
  0x0000021f13091ad0 JavaThread "Unconstrained build operations Thread 12" [_thread_blocked, id=3420, stack(0x0000009ae1100000,0x0000009ae1200000)]
  0x0000021f13092940 JavaThread "Unconstrained build operations Thread 13" [_thread_blocked, id=17240, stack(0x0000009ae1200000,0x0000009ae1300000)]
  0x0000021f13090c60 JavaThread "Unconstrained build operations Thread 14" [_thread_blocked, id=13820, stack(0x0000009ae1300000,0x0000009ae1400000)]
  0x0000021f13095960 JavaThread "Unconstrained build operations Thread 15" [_thread_blocked, id=2952, stack(0x0000009ae1400000,0x0000009ae1500000)]
  0x0000021f13094150 JavaThread "Unconstrained build operations Thread 16" [_thread_blocked, id=8336, stack(0x0000009ae1500000,0x0000009ae1600000)]
  0x0000021f13091130 JavaThread "Unconstrained build operations Thread 17" [_thread_blocked, id=3392, stack(0x0000009ae1600000,0x0000009ae1700000)]
  0x0000021f13095e30 JavaThread "Unconstrained build operations Thread 18" [_thread_blocked, id=8672, stack(0x0000009ae1700000,0x0000009ae1800000)]
  0x0000021f1308eab0 JavaThread "Unconstrained build operations Thread 19" [_thread_blocked, id=2292, stack(0x0000009ae1800000,0x0000009ae1900000)]
  0x0000021f13091600 JavaThread "Unconstrained build operations Thread 20" [_thread_blocked, id=13928, stack(0x0000009ae1900000,0x0000009ae1a00000)]
  0x0000021f1308f450 JavaThread "Unconstrained build operations Thread 21" [_thread_blocked, id=9028, stack(0x0000009ae1a00000,0x0000009ae1b00000)]
  0x0000021f1308ef80 JavaThread "Unconstrained build operations Thread 22" [_thread_blocked, id=8980, stack(0x0000009ae1b00000,0x0000009ae1c00000)]
  0x0000021f13092e10 JavaThread "Unconstrained build operations Thread 23" [_thread_blocked, id=17720, stack(0x0000009ae1c00000,0x0000009ae1d00000)]
  0x0000021f1308f920 JavaThread "Unconstrained build operations Thread 24" [_thread_blocked, id=17884, stack(0x0000009ae1d00000,0x0000009ae1e00000)]
  0x0000021f1308fdf0 JavaThread "Unconstrained build operations Thread 25" [_thread_blocked, id=18008, stack(0x0000009ae1e00000,0x0000009ae1f00000)]
  0x0000021f130937b0 JavaThread "Unconstrained build operations Thread 26" [_thread_blocked, id=8260, stack(0x0000009ae1f00000,0x0000009ae2000000)]
  0x0000021f19cf8f20 JavaThread "Unconstrained build operations Thread 27" [_thread_blocked, id=17040, stack(0x0000009ae2000000,0x0000009ae2100000)]
  0x0000021f19cfbf40 JavaThread "Unconstrained build operations Thread 28" [_thread_blocked, id=5588, stack(0x0000009ae2100000,0x0000009ae2200000)]
  0x0000021f19cfb0d0 JavaThread "Unconstrained build operations Thread 29" [_thread_blocked, id=12024, stack(0x0000009ae2200000,0x0000009ae2300000)]
  0x0000021f19cfc410 JavaThread "Unconstrained build operations Thread 30" [_thread_blocked, id=10208, stack(0x0000009ae2300000,0x0000009ae2400000)]
  0x0000021f19cfd280 JavaThread "Unconstrained build operations Thread 31" [_thread_blocked, id=2524, stack(0x0000009ae2400000,0x0000009ae2500000)]
  0x0000021f19cf8580 JavaThread "Unconstrained build operations Thread 32" [_thread_blocked, id=11260, stack(0x0000009ae2500000,0x0000009ae2600000)]
  0x0000021f19cfba70 JavaThread "Unconstrained build operations Thread 33" [_thread_blocked, id=15884, stack(0x0000009ae2600000,0x0000009ae2700000)]
  0x0000021f19cfa260 JavaThread "build event listener" [_thread_blocked, id=10904, stack(0x0000009ae2700000,0x0000009ae2800000)]
  0x0000021f19cfc8e0 JavaThread "Memory manager" [_thread_blocked, id=5620, stack(0x0000009ae2800000,0x0000009ae2900000)]
  0x0000021f13443370 JavaThread "C2 CompilerThread2" daemon [_thread_in_native, id=5328, stack(0x0000009ae2900000,0x0000009ae2a00000)]
  0x0000021f19cf80b0 JavaThread "Cache worker for Build Output Cleanup Cache (C:\Users\siver\halp\android\.gradle\buildOutputCleanup)" [_thread_blocked, id=1784, stack(0x0000009ae2a00000,0x0000009ae2b00000)]

Other Threads:
  0x0000021f7eec91d0 VMThread "VM Thread" [stack: 0x0000009adcf00000,0x0000009add000000] [id=3084]
  0x0000021f73b0fe50 WatcherThread [stack: 0x0000009addb00000,0x0000009addc00000] [id=13300]
  0x0000021f73af2520 GCTaskThread "GC Thread#0" [stack: 0x0000009adca00000,0x0000009adcb00000] [id=8004]
  0x0000021f7fb68200 GCTaskThread "GC Thread#1" [stack: 0x0000009adde00000,0x0000009addf00000] [id=10504]
  0x0000021f7fb684b0 GCTaskThread "GC Thread#2" [stack: 0x0000009addf00000,0x0000009ade000000] [id=10260]
  0x0000021f7fb68760 GCTaskThread "GC Thread#3" [stack: 0x0000009ade000000,0x0000009ade100000] [id=13736]
  0x0000021f7fb67490 GCTaskThread "GC Thread#4" [stack: 0x0000009ade100000,0x0000009ade200000] [id=15860]
  0x0000021f7fb679f0 GCTaskThread "GC Thread#5" [stack: 0x0000009ade200000,0x0000009ade300000] [id=4516]
  0x0000021f155c7860 GCTaskThread "GC Thread#6" [stack: 0x0000009adf600000,0x0000009adf700000] [id=14660]
  0x0000021f155c6030 GCTaskThread "GC Thread#7" [stack: 0x0000009adf700000,0x0000009adf800000] [id=10280]
  0x0000021f73b035c0 ConcurrentGCThread "G1 Main Marker" [stack: 0x0000009adcb00000,0x0000009adcc00000] [id=12032]
  0x0000021f73b04d80 ConcurrentGCThread "G1 Conc#0" [stack: 0x0000009adcc00000,0x0000009adcd00000] [id=16152]
  0x0000021f155c5010 ConcurrentGCThread "G1 Conc#1" [stack: 0x0000009adf800000,0x0000009adf900000] [id=8216]
  0x0000021f73b7ec30 ConcurrentGCThread "G1 Refine#0" [stack: 0x0000009adcd00000,0x0000009adce00000] [id=8584]
  0x0000021f7ed84740 ConcurrentGCThread "G1 Service" [stack: 0x0000009adce00000,0x0000009adcf00000] [id=17208]

Threads with active compile tasks:
C2 CompilerThread0     9793 6664       4       java.net.URLClassLoader$1::run (5 bytes)
C2 CompilerThread1     9793 6674   !   4       com.google.common.reflect.TypeVisitor::visit (244 bytes)
C2 CompilerThread2     9793 6728       4       java.util.Properties::loadConvert (540 bytes)

VM state: not at safepoint (normal execution)

VM Mutex/Monitor currently owned by a thread: None

Heap address: 0x0000000080000000, size: 2048 MB, Compressed Oops mode: 32-bit

CDS archive(s) mapped at: [0x0000000800000000-0x0000000800bc0000-0x0000000800bc0000), size 12320768, SharedBaseAddress: 0x0000000800000000, ArchiveRelocationMode: 0.
Compressed class space mapped at: 0x0000000800c00000-0x000000081a800000, reserved size: 432013312
Narrow klass base: 0x0000000800000000, Narrow klass shift: 0, Narrow klass range: 0x100000000

GC Precious Log:
 CPUs: 8 total, 8 available
 Memory: 16107M
 Large Page Support: Disabled
 NUMA Support: Disabled
 Compressed Oops: Enabled (32-bit)
 Heap Region Size: 1M
 Heap Min Capacity: 8M
 Heap Initial Capacity: 252M
 Heap Max Capacity: 2G
 Pre-touch: Disabled
 Parallel Workers: 8
 Concurrent Workers: 2
 Concurrent Refinement Workers: 8
 Periodic GC: Disabled

Heap:
 garbage-first heap   total 101376K, used 55280K [0x0000000080000000, 0x0000000100000000)
  region size 1024K, 9 young (9216K), 4 survivors (4096K)
 Metaspace       used 61013K, committed 61632K, reserved 479232K
  class space    used 8433K, committed 8704K, reserved 421888K

Heap Regions: E=young(eden), S=young(survivor), O=old, HS=humongous(starts), HC=humongous(continues), CS=collection set, F=free, OA=open archive, CA=closed archive, TAMS=top-at-mark-start (previous, next)
|   0|0x0000000080000000, 0x0000000080100000, 0x0000000080100000|100%| O|  |TAMS 0x0000000080100000, 0x0000000080000000| Untracked 
|   1|0x0000000080100000, 0x0000000080200000, 0x0000000080200000|100%| O|  |TAMS 0x0000000080200000, 0x0000000080100000| Untracked 
|   2|0x0000000080200000, 0x0000000080300000, 0x0000000080300000|100%| O|  |TAMS 0x0000000080300000, 0x0000000080200000| Untracked 
|   3|0x0000000080300000, 0x0000000080400000, 0x0000000080400000|100%|HS|  |TAMS 0x0000000080400000, 0x0000000080300000| Complete 
|   4|0x0000000080400000, 0x0000000080500000, 0x0000000080500000|100%|HC|  |TAMS 0x0000000080500000, 0x0000000080400000| Complete 
|   5|0x0000000080500000, 0x0000000080600000, 0x0000000080600000|100%|HC|  |TAMS 0x0000000080600000, 0x0000000080500000| Complete 
|   6|0x0000000080600000, 0x0000000080700000, 0x0000000080700000|100%| O|  |TAMS 0x0000000080700000, 0x0000000080600000| Untracked 
|   7|0x0000000080700000, 0x0000000080800000, 0x0000000080800000|100%| O|  |TAMS 0x0000000080800000, 0x0000000080700000| Untracked 
|   8|0x0000000080800000, 0x0000000080900000, 0x0000000080900000|100%| O|  |TAMS 0x0000000080900000, 0x0000000080800000| Untracked 
|   9|0x0000000080900000, 0x00000000809f7400, 0x0000000080a00000| 96%| O|  |TAMS 0x00000000809f7400, 0x0000000080900000| Untracked 
|  10|0x0000000080a00000, 0x0000000080b00000, 0x0000000080b00000|100%| O|  |TAMS 0x0000000080b00000, 0x0000000080a00000| Untracked 
|  11|0x0000000080b00000, 0x0000000080c00000, 0x0000000080c00000|100%| O|  |TAMS 0x0000000080c00000, 0x0000000080b00000| Untracked 
|  12|0x0000000080c00000, 0x0000000080d00000, 0x0000000080d00000|100%| O|  |TAMS 0x0000000080d00000, 0x0000000080c00000| Untracked 
|  13|0x0000000080d00000, 0x0000000080e00000, 0x0000000080e00000|100%| O|  |TAMS 0x0000000080e00000, 0x0000000080d00000| Untracked 
|  14|0x0000000080e00000, 0x0000000080f00000, 0x0000000080f00000|100%| O|  |TAMS 0x0000000080f00000, 0x0000000080e00000| Untracked 
|  15|0x0000000080f00000, 0x0000000081000000, 0x0000000081000000|100%| O|  |TAMS 0x0000000081000000, 0x0000000080f00000| Untracked 
|  16|0x0000000081000000, 0x0000000081100000, 0x0000000081100000|100%| O|  |TAMS 0x0000000081100000, 0x0000000081000000| Untracked 
|  17|0x0000000081100000, 0x0000000081200000, 0x0000000081200000|100%| O|  |TAMS 0x0000000081200000, 0x0000000081100000| Untracked 
|  18|0x0000000081200000, 0x0000000081300000, 0x0000000081300000|100%| O|  |TAMS 0x0000000081300000, 0x0000000081200000| Untracked 
|  19|0x0000000081300000, 0x0000000081400000, 0x0000000081400000|100%| O|  |TAMS 0x0000000081400000, 0x0000000081300000| Untracked 
|  20|0x0000000081400000, 0x0000000081500000, 0x0000000081500000|100%| O|  |TAMS 0x0000000081500000, 0x0000000081400000| Untracked 
|  21|0x0000000081500000, 0x0000000081600000, 0x0000000081600000|100%| O|  |TAMS 0x0000000081600000, 0x0000000081500000| Untracked 
|  22|0x0000000081600000, 0x0000000081700000, 0x0000000081700000|100%| O|  |TAMS 0x0000000081700000, 0x0000000081600000| Untracked 
|  23|0x0000000081700000, 0x0000000081800000, 0x0000000081800000|100%| O|  |TAMS 0x0000000081800000, 0x0000000081700000| Untracked 
|  24|0x0000000081800000, 0x0000000081900000, 0x0000000081900000|100%| O|  |TAMS 0x0000000081900000, 0x0000000081800000| Untracked 
|  25|0x0000000081900000, 0x0000000081a00000, 0x0000000081a00000|100%| O|  |TAMS 0x0000000081a00000, 0x0000000081900000| Untracked 
|  26|0x0000000081a00000, 0x0000000081b00000, 0x0000000081b00000|100%| O|  |TAMS 0x0000000081b00000, 0x0000000081a00000| Untracked 
|  27|0x0000000081b00000, 0x0000000081c00000, 0x0000000081c00000|100%| O|  |TAMS 0x0000000081c00000, 0x0000000081b00000| Untracked 
|  28|0x0000000081c00000, 0x0000000081d00000, 0x0000000081d00000|100%| O|  |TAMS 0x0000000081d00000, 0x0000000081c00000| Untracked 
|  29|0x0000000081d00000, 0x0000000081e00000, 0x0000000081e00000|100%| O|  |TAMS 0x0000000081e00000, 0x0000000081d00000| Untracked 
|  30|0x0000000081e00000, 0x0000000081f00000, 0x0000000081f00000|100%| O|  |TAMS 0x0000000081f00000, 0x0000000081e00000| Untracked 
|  31|0x0000000081f00000, 0x0000000082000000, 0x0000000082000000|100%| O|  |TAMS 0x0000000082000000, 0x0000000081f00000| Untracked 
|  32|0x0000000082000000, 0x0000000082100000, 0x0000000082100000|100%| O|  |TAMS 0x0000000082100000, 0x0000000082000000| Untracked 
|  33|0x0000000082100000, 0x0000000082200000, 0x0000000082200000|100%| O|  |TAMS 0x0000000082200000, 0x0000000082100000| Untracked 
|  34|0x0000000082200000, 0x0000000082300000, 0x0000000082300000|100%| O|  |TAMS 0x0000000082300000, 0x0000000082200000| Untracked 
|  35|0x0000000082300000, 0x0000000082400000, 0x0000000082400000|100%| O|  |TAMS 0x0000000082400000, 0x0000000082300000| Untracked 
|  36|0x0000000082400000, 0x0000000082500000, 0x0000000082500000|100%| O|  |TAMS 0x0000000082500000, 0x0000000082400000| Untracked 
|  37|0x0000000082500000, 0x0000000082600000, 0x0000000082600000|100%| O|  |TAMS 0x0000000082600000, 0x0000000082500000| Untracked 
|  38|0x0000000082600000, 0x0000000082700000, 0x0000000082700000|100%|HS|  |TAMS 0x0000000082700000, 0x0000000082600000| Complete 
|  39|0x0000000082700000, 0x0000000082800000, 0x0000000082800000|100%|HS|  |TAMS 0x0000000082800000, 0x0000000082700000| Complete 
|  40|0x0000000082800000, 0x0000000082900000, 0x0000000082900000|100%|HC|  |TAMS 0x0000000082900000, 0x0000000082800000| Complete 
|  41|0x0000000082900000, 0x0000000082a00000, 0x0000000082a00000|100%|HC|  |TAMS 0x0000000082a00000, 0x0000000082900000| Complete 
|  42|0x0000000082a00000, 0x0000000082b00000, 0x0000000082b00000|100%| O|  |TAMS 0x0000000082b00000, 0x0000000082a00000| Untracked 
|  43|0x0000000082b00000, 0x0000000082c00000, 0x0000000082c00000|100%| O|  |TAMS 0x0000000082c00000, 0x0000000082b00000| Untracked 
|  44|0x0000000082c00000, 0x0000000082d00000, 0x0000000082d00000|100%| O|  |TAMS 0x0000000082d00000, 0x0000000082c00000| Untracked 
|  45|0x0000000082d00000, 0x0000000082e00000, 0x0000000082e00000|100%| O|  |TAMS 0x0000000082d47a00, 0x0000000082d00000| Untracked 
|  46|0x0000000082e00000, 0x0000000082e26e00, 0x0000000082f00000| 15%| O|  |TAMS 0x0000000082e00000, 0x0000000082e00000| Untracked 
|  47|0x0000000082f00000, 0x0000000082f00000, 0x0000000083000000|  0%| F|  |TAMS 0x0000000082f00000, 0x0000000082f00000| Untracked 
|  48|0x0000000083000000, 0x0000000083000000, 0x0000000083100000|  0%| F|  |TAMS 0x0000000083000000, 0x0000000083000000| Untracked 
|  49|0x0000000083100000, 0x0000000083100000, 0x0000000083200000|  0%| F|  |TAMS 0x0000000083100000, 0x0000000083100000| Untracked 
|  50|0x0000000083200000, 0x0000000083200000, 0x0000000083300000|  0%| F|  |TAMS 0x0000000083200000, 0x0000000083200000| Untracked 
|  51|0x0000000083300000, 0x0000000083300000, 0x0000000083400000|  0%| F|  |TAMS 0x0000000083300000, 0x0000000083300000| Untracked 
|  52|0x0000000083400000, 0x0000000083400000, 0x0000000083500000|  0%| F|  |TAMS 0x0000000083400000, 0x0000000083400000| Untracked 
|  53|0x0000000083500000, 0x0000000083500000, 0x0000000083600000|  0%| F|  |TAMS 0x0000000083500000, 0x0000000083500000| Untracked 
|  54|0x0000000083600000, 0x0000000083600000, 0x0000000083700000|  0%| F|  |TAMS 0x0000000083600000, 0x0000000083600000| Untracked 
|  55|0x0000000083700000, 0x0000000083700000, 0x0000000083800000|  0%| F|  |TAMS 0x0000000083700000, 0x0000000083700000| Untracked 
|  56|0x0000000083800000, 0x0000000083800000, 0x0000000083900000|  0%| F|  |TAMS 0x0000000083800000, 0x0000000083800000| Untracked 
|  57|0x0000000083900000, 0x0000000083900000, 0x0000000083a00000|  0%| F|  |TAMS 0x0000000083900000, 0x0000000083900000| Untracked 
|  58|0x0000000083a00000, 0x0000000083a00000, 0x0000000083b00000|  0%| F|  |TAMS 0x0000000083a00000, 0x0000000083a00000| Untracked 
|  59|0x0000000083b00000, 0x0000000083b00000, 0x0000000083c00000|  0%| F|  |TAMS 0x0000000083b00000, 0x0000000083b00000| Untracked 
|  60|0x0000000083c00000, 0x0000000083c00000, 0x0000000083d00000|  0%| F|  |TAMS 0x0000000083c00000, 0x0000000083c00000| Untracked 
|  61|0x0000000083d00000, 0x0000000083d00000, 0x0000000083e00000|  0%| F|  |TAMS 0x0000000083d00000, 0x0000000083d00000| Untracked 
|  62|0x0000000083e00000, 0x0000000083ede010, 0x0000000083f00000| 86%| S|CS|TAMS 0x0000000083e00000, 0x0000000083e00000| Complete 
|  63|0x0000000083f00000, 0x0000000084000000, 0x0000000084000000|100%| S|CS|TAMS 0x0000000083f00000, 0x0000000083f00000| Complete 
|  64|0x0000000084000000, 0x0000000084100000, 0x0000000084100000|100%| S|CS|TAMS 0x0000000084000000, 0x0000000084000000| Complete 
|  65|0x0000000084100000, 0x0000000084200000, 0x0000000084200000|100%| S|CS|TAMS 0x0000000084100000, 0x0000000084100000| Complete 
|  66|0x0000000084200000, 0x0000000084200000, 0x0000000084300000|  0%| F|  |TAMS 0x0000000084200000, 0x0000000084200000| Untracked 
|  67|0x0000000084300000, 0x0000000084300000, 0x0000000084400000|  0%| F|  |TAMS 0x0000000084300000, 0x0000000084300000| Untracked 
|  68|0x0000000084400000, 0x0000000084400000, 0x0000000084500000|  0%| F|  |TAMS 0x0000000084400000, 0x0000000084400000| Untracked 
|  69|0x0000000084500000, 0x0000000084500000, 0x0000000084600000|  0%| F|  |TAMS 0x0000000084500000, 0x0000000084500000| Untracked 
|  70|0x0000000084600000, 0x0000000084600000, 0x0000000084700000|  0%| F|  |TAMS 0x0000000084600000, 0x0000000084600000| Untracked 
|  71|0x0000000084700000, 0x0000000084700000, 0x0000000084800000|  0%| F|  |TAMS 0x0000000084700000, 0x0000000084700000| Untracked 
|  72|0x0000000084800000, 0x0000000084800000, 0x0000000084900000|  0%| F|  |TAMS 0x0000000084800000, 0x0000000084800000| Untracked 
|  73|0x0000000084900000, 0x0000000084900000, 0x0000000084a00000|  0%| F|  |TAMS 0x0000000084900000, 0x0000000084900000| Untracked 
|  74|0x0000000084a00000, 0x0000000084a00000, 0x0000000084b00000|  0%| F|  |TAMS 0x0000000084a00000, 0x0000000084a00000| Untracked 
|  75|0x0000000084b00000, 0x0000000084b00000, 0x0000000084c00000|  0%| F|  |TAMS 0x0000000084b00000, 0x0000000084b00000| Untracked 
|  76|0x0000000084c00000, 0x0000000084c00000, 0x0000000084d00000|  0%| F|  |TAMS 0x0000000084c00000, 0x0000000084c00000| Untracked 
|  77|0x0000000084d00000, 0x0000000084d00000, 0x0000000084e00000|  0%| F|  |TAMS 0x0000000084d00000, 0x0000000084d00000| Untracked 
|  78|0x0000000084e00000, 0x0000000084e00000, 0x0000000084f00000|  0%| F|  |TAMS 0x0000000084e00000, 0x0000000084e00000| Untracked 
|  79|0x0000000084f00000, 0x0000000084f00000, 0x0000000085000000|  0%| F|  |TAMS 0x0000000084f00000, 0x0000000084f00000| Untracked 
|  80|0x0000000085000000, 0x0000000085000000, 0x0000000085100000|  0%| F|  |TAMS 0x0000000085000000, 0x0000000085000000| Untracked 
|  81|0x0000000085100000, 0x0000000085100000, 0x0000000085200000|  0%| F|  |TAMS 0x0000000085100000, 0x0000000085100000| Untracked 
|  82|0x0000000085200000, 0x0000000085200000, 0x0000000085300000|  0%| F|  |TAMS 0x0000000085200000, 0x0000000085200000| Untracked 
|  83|0x0000000085300000, 0x0000000085300000, 0x0000000085400000|  0%| F|  |TAMS 0x0000000085300000, 0x0000000085300000| Untracked 
|  84|0x0000000085400000, 0x0000000085400000, 0x0000000085500000|  0%| F|  |TAMS 0x0000000085400000, 0x0000000085400000| Untracked 
|  85|0x0000000085500000, 0x0000000085500000, 0x0000000085600000|  0%| F|  |TAMS 0x0000000085500000, 0x0000000085500000| Untracked 
| 136|0x0000000088800000, 0x0000000088800000, 0x0000000088900000|  0%| F|  |TAMS 0x0000000088800000, 0x0000000088800000| Untracked 
| 137|0x0000000088900000, 0x0000000088900000, 0x0000000088a00000|  0%| F|  |TAMS 0x0000000088900000, 0x0000000088900000| Untracked 
| 138|0x0000000088a00000, 0x0000000088a00000, 0x0000000088b00000|  0%| F|  |TAMS 0x0000000088a00000, 0x0000000088a00000| Untracked 
| 139|0x0000000088b00000, 0x0000000088b00000, 0x0000000088c00000|  0%| F|  |TAMS 0x0000000088b00000, 0x0000000088b00000| Untracked 
| 140|0x0000000088c00000, 0x0000000088c00000, 0x0000000088d00000|  0%| F|  |TAMS 0x0000000088c00000, 0x0000000088c00000| Untracked 
| 141|0x0000000088d00000, 0x0000000088d00000, 0x0000000088e00000|  0%| F|  |TAMS 0x0000000088d00000, 0x0000000088d00000| Untracked 
| 142|0x0000000088e00000, 0x0000000088e00000, 0x0000000088f00000|  0%| F|  |TAMS 0x0000000088e00000, 0x0000000088e00000| Untracked 
| 143|0x0000000088f00000, 0x0000000088f00000, 0x0000000089000000|  0%| F|  |TAMS 0x0000000088f00000, 0x0000000088f00000| Untracked 
| 144|0x0000000089000000, 0x0000000089080800, 0x0000000089100000| 50%| E|  |TAMS 0x0000000089000000, 0x0000000089000000| Complete 
| 145|0x0000000089100000, 0x0000000089200000, 0x0000000089200000|100%| E|CS|TAMS 0x0000000089100000, 0x0000000089100000| Complete 
| 146|0x0000000089200000, 0x0000000089300000, 0x0000000089300000|100%| E|CS|TAMS 0x0000000089200000, 0x0000000089200000| Complete 
| 147|0x0000000089300000, 0x0000000089400000, 0x0000000089400000|100%| E|CS|TAMS 0x0000000089300000, 0x0000000089300000| Complete 
| 251|0x000000008fb00000, 0x000000008fc00000, 0x000000008fc00000|100%| E|CS|TAMS 0x000000008fb00000, 0x000000008fb00000| Complete 

Card table byte_map: [0x0000021f7bca0000,0x0000021f7c0a0000] _byte_map_base: 0x0000021f7b8a0000

Marking Bits (Prev, Next): (CMBitMap*) 0x0000021f73af2b30, (CMBitMap*) 0x0000021f73af2b70
 Prev Bits: [0x0000021f7c4a0000, 0x0000021f7e4a0000)
 Next Bits: [0x0000021f0f000000, 0x0000021f11000000)

Polling page: 0x0000021f71a90000

Metaspace:

Usage:
  Non-class:     51.35 MB used.
      Class:      8.24 MB used.
       Both:     59.59 MB used.

Virtual space:
  Non-class space:       56.00 MB reserved,      51.69 MB ( 92%) committed,  7 nodes.
      Class space:      412.00 MB reserved,       8.50 MB (  2%) committed,  1 nodes.
             Both:      468.00 MB reserved,      60.19 MB ( 13%) committed. 

Chunk freelists:
   Non-Class:  3.94 MB
       Class:  3.53 MB
        Both:  7.47 MB

MaxMetaspaceSize: 512.00 MB
CompressedClassSpaceSize: 412.00 MB
Initial GC threshold: 21.00 MB
Current GC threshold: 96.56 MB
CDS: on
MetaspaceReclaimPolicy: balanced
 - commit_granule_bytes: 65536.
 - commit_granule_words: 8192.
 - virtual_space_node_default_size: 1048576.
 - enlarge_chunks_in_place: 1.
 - new_chunks_are_fully_committed: 0.
 - uncommit_free_chunks: 1.
 - use_allocation_guard: 0.
 - handle_deallocations: 1.


Internal statistics:

num_allocs_failed_limit: 6.
num_arena_births: 734.
num_arena_deaths: 0.
num_vsnodes_births: 8.
num_vsnodes_deaths: 0.
num_space_committed: 963.
num_space_uncommitted: 0.
num_chunks_returned_to_freelist: 6.
num_chunks_taken_from_freelist: 2989.
num_chunk_merges: 6.
num_chunk_splits: 1977.
num_chunks_enlarged: 1321.
num_purges: 0.
num_inconsistent_stats: 0.

CodeHeap 'non-profiled nmethods': size=120000Kb used=3653Kb max_used=3653Kb free=116346Kb
 bounds [0x0000021f07ad0000, 0x0000021f07e70000, 0x0000021f0f000000]
CodeHeap 'profiled nmethods': size=120000Kb used=12044Kb max_used=12044Kb free=107955Kb
 bounds [0x0000021f005a0000, 0x0000021f01170000, 0x0000021f07ad0000]
CodeHeap 'non-nmethods': size=5760Kb used=2404Kb max_used=2475Kb free=3355Kb
 bounds [0x0000021f00000000, 0x0000021f00270000, 0x0000021f005a0000]
 total_blobs=6951 nmethods=6029 adapters=834
 compilation: enabled
              stopped_count=0, restarted_count=0
 full_count=0

Compilation events (20 events):
Event: 9.740 Thread 0x0000021f7eef0df0 nmethod 6785 0x0000021f01147d90 code [0x0000021f01148000, 0x0000021f011488e8]
Event: 9.740 Thread 0x0000021f7eef0df0 6786       3       groovyjarjarasm.asm.Edge::<init> (20 bytes)
Event: 9.740 Thread 0x0000021f7eef0df0 nmethod 6786 0x0000021f01148e10 code [0x0000021f01148fc0, 0x0000021f011491f8]
Event: 9.740 Thread 0x0000021f7eef0df0 6784       3       java.lang.reflect.Constructor::isSynthetic (5 bytes)
Event: 9.740 Thread 0x0000021f7eef0df0 nmethod 6784 0x0000021f01149290 code [0x0000021f01149440, 0x0000021f01149678]
Event: 9.741 Thread 0x0000021f7eef0df0 6787       3       java.util.stream.Nodes$SpinedNodeBuilder::end (29 bytes)
Event: 9.741 Thread 0x0000021f7eef0df0 nmethod 6787 0x0000021f01149790 code [0x0000021f01149920, 0x0000021f01149a38]
Event: 9.741 Thread 0x0000021f7eef0df0 6788       3       java.util.stream.Nodes$SpinedNodeBuilder::build (25 bytes)
Event: 9.741 Thread 0x0000021f7eef0df0 nmethod 6788 0x0000021f01149b10 code [0x0000021f01149ca0, 0x0000021f01149db8]
Event: 9.741 Thread 0x0000021f7eef0df0 6789       3       java.util.stream.Nodes$SpinedNodeBuilder::asArray (29 bytes)
Event: 9.741 Thread 0x0000021f7eef0df0 nmethod 6789 0x0000021f01149e90 code [0x0000021f0114a040, 0x0000021f0114a188]
Event: 9.741 Thread 0x0000021f7eef0df0 6790       3       java.util.stream.SpinedBuffer::asArray (46 bytes)
Event: 9.742 Thread 0x0000021f7eef0df0 nmethod 6790 0x0000021f0114a210 code [0x0000021f0114a400, 0x0000021f0114aa48]
Event: 9.742 Thread 0x0000021f7eef0df0 6791       3       java.util.stream.Nodes$SpinedNodeBuilder::copyInto (30 bytes)
Event: 9.742 Thread 0x0000021f7eef0df0 nmethod 6791 0x0000021f0114ac10 code [0x0000021f0114adc0, 0x0000021f0114af08]
Event: 9.742 Thread 0x0000021f7eef0df0 6792       1       java.beans.GenericBeanInfo::getEventSetDescriptors (5 bytes)
Event: 9.742 Thread 0x0000021f7eef0df0 nmethod 6792 0x0000021f07dec210 code [0x0000021f07dec3a0, 0x0000021f07dec478]
Event: 9.742 Thread 0x0000021f7eef0df0 6793       1       java.beans.GenericBeanInfo::getPropertyDescriptors (5 bytes)
Event: 9.742 Thread 0x0000021f7eef0df0 nmethod 6793 0x0000021f07debf10 code [0x0000021f07dec0a0, 0x0000021f07dec178]
Event: 9.745 Thread 0x0000021f7eef0df0 6795  s    3       java.lang.ClassValue$ClassValueMap::startEntry (106 bytes)

GC Heap History (20 events):
Event: 6.962 GC heap before
{Heap before GC invocations=8 (full 0):
 garbage-first heap   total 78848K, used 35643K [0x0000000080000000, 0x0000000100000000)
  region size 1024K, 7 young (7168K), 3 survivors (3072K)
 Metaspace       used 35649K, committed 36096K, reserved 454656K
  class space    used 4902K, committed 5120K, reserved 421888K
}
Event: 6.964 GC heap after
{Heap after GC invocations=9 (full 0):
 garbage-first heap   total 78848K, used 32529K [0x0000000080000000, 0x0000000100000000)
  region size 1024K, 3 young (3072K), 3 survivors (3072K)
 Metaspace       used 35649K, committed 36096K, reserved 454656K
  class space    used 4902K, committed 5120K, reserved 421888K
}
Event: 7.293 GC heap before
{Heap before GC invocations=10 (full 0):
 garbage-first heap   total 78848K, used 59153K [0x0000000080000000, 0x0000000100000000)
  region size 1024K, 29 young (29696K), 3 survivors (3072K)
 Metaspace       used 38425K, committed 38976K, reserved 462848K
  class space    used 5383K, committed 5632K, reserved 421888K
}
Event: 7.296 GC heap after
{Heap after GC invocations=11 (full 0):
 garbage-first heap   total 78848K, used 34531K [0x0000000080000000, 0x0000000100000000)
  region size 1024K, 3 young (3072K), 3 survivors (3072K)
 Metaspace       used 38425K, committed 38976K, reserved 462848K
  class space    used 5383K, committed 5632K, reserved 421888K
}
Event: 7.685 GC heap before
{Heap before GC invocations=11 (full 0):
 garbage-first heap   total 78848K, used 60131K [0x0000000080000000, 0x0000000100000000)
  region size 1024K, 28 young (28672K), 3 survivors (3072K)
 Metaspace       used 41438K, committed 41984K, reserved 462848K
  class space    used 5811K, committed 6080K, reserved 421888K
}
Event: 7.687 GC heap after
{Heap after GC invocations=12 (full 0):
 garbage-first heap   total 78848K, used 35915K [0x0000000080000000, 0x0000000100000000)
  region size 1024K, 4 young (4096K), 4 survivors (4096K)
 Metaspace       used 41438K, committed 41984K, reserved 462848K
  class space    used 5811K, committed 6080K, reserved 421888K
}
Event: 8.220 GC heap before
{Heap before GC invocations=12 (full 0):
 garbage-first heap   total 78848K, used 60491K [0x0000000080000000, 0x0000000100000000)
  region size 1024K, 29 young (29696K), 4 survivors (4096K)
 Metaspace       used 47852K, committed 48320K, reserved 471040K
  class space    used 6606K, committed 6848K, reserved 421888K
}
Event: 8.224 GC heap after
{Heap after GC invocations=13 (full 0):
 garbage-first heap   total 78848K, used 38866K [0x0000000080000000, 0x0000000100000000)
  region size 1024K, 4 young (4096K), 4 survivors (4096K)
 Metaspace       used 47852K, committed 48320K, reserved 471040K
  class space    used 6606K, committed 6848K, reserved 421888K
}
Event: 8.298 GC heap before
{Heap before GC invocations=13 (full 0):
 garbage-first heap   total 78848K, used 40914K [0x0000000080000000, 0x0000000100000000)
  region size 1024K, 8 young (8192K), 4 survivors (4096K)
 Metaspace       used 47950K, committed 48512K, reserved 471040K
  class space    used 6607K, committed 6848K, reserved 421888K
}
Event: 8.301 GC heap after
{Heap after GC invocations=14 (full 0):
 garbage-first heap   total 78848K, used 39557K [0x0000000080000000, 0x0000000100000000)
  region size 1024K, 1 young (1024K), 1 survivors (1024K)
 Metaspace       used 47950K, committed 48512K, reserved 471040K
  class space    used 6607K, committed 6848K, reserved 421888K
}
Event: 8.369 GC heap before
{Heap before GC invocations=15 (full 0):
 garbage-first heap   total 78848K, used 41605K [0x0000000080000000, 0x0000000100000000)
  region size 1024K, 4 young (4096K), 1 survivors (1024K)
 Metaspace       used 48256K, committed 48832K, reserved 471040K
  class space    used 6642K, committed 6912K, reserved 421888K
}
Event: 8.370 GC heap after
{Heap after GC invocations=16 (full 0):
 garbage-first heap   total 78848K, used 41012K [0x0000000080000000, 0x0000000100000000)
  region size 1024K, 2 young (2048K), 2 survivors (2048K)
 Metaspace       used 48256K, committed 48832K, reserved 471040K
  class space    used 6642K, committed 6912K, reserved 421888K
}
Event: 8.667 GC heap before
{Heap before GC invocations=17 (full 0):
 garbage-first heap   total 78848K, used 65588K [0x0000000080000000, 0x0000000100000000)
  region size 1024K, 23 young (23552K), 2 survivors (2048K)
 Metaspace       used 51431K, committed 52032K, reserved 471040K
  class space    used 7091K, committed 7360K, reserved 421888K
}
Event: 8.670 GC heap after
{Heap after GC invocations=18 (full 0):
 garbage-first heap   total 78848K, used 46259K [0x0000000080000000, 0x0000000100000000)
  region size 1024K, 3 young (3072K), 3 survivors (3072K)
 Metaspace       used 51431K, committed 52032K, reserved 471040K
  class space    used 7091K, committed 7360K, reserved 421888K
}
Event: 8.887 GC heap before
{Heap before GC invocations=18 (full 0):
 garbage-first heap   total 78848K, used 63667K [0x0000000080000000, 0x0000000100000000)
  region size 1024K, 20 young (20480K), 3 survivors (3072K)
 Metaspace       used 53257K, committed 53824K, reserved 471040K
  class space    used 7374K, committed 7616K, reserved 421888K
}
Event: 8.889 GC heap after
{Heap after GC invocations=19 (full 0):
 garbage-first heap   total 78848K, used 47349K [0x0000000080000000, 0x0000000100000000)
  region size 1024K, 1 young (1024K), 1 survivors (1024K)
 Metaspace       used 53257K, committed 53824K, reserved 471040K
  class space    used 7374K, committed 7616K, reserved 421888K
}
Event: 9.091 GC heap before
{Heap before GC invocations=20 (full 0):
 garbage-first heap   total 83968K, used 63733K [0x0000000080000000, 0x0000000100000000)
  region size 1024K, 18 young (18432K), 1 survivors (1024K)
 Metaspace       used 55177K, committed 55680K, reserved 471040K
  class space    used 7643K, committed 7872K, reserved 421888K
}
Event: 9.093 GC heap after
{Heap after GC invocations=21 (full 0):
 garbage-first heap   total 101376K, used 48140K [0x0000000080000000, 0x0000000100000000)
  region size 1024K, 2 young (2048K), 2 survivors (2048K)
 Metaspace       used 55177K, committed 55680K, reserved 471040K
  class space    used 7643K, committed 7872K, reserved 421888K
}
Event: 9.396 GC heap before
{Heap before GC invocations=21 (full 0):
 garbage-first heap   total 101376K, used 76812K [0x0000000080000000, 0x0000000100000000)
  region size 1024K, 31 young (31744K), 2 survivors (2048K)
 Metaspace       used 58720K, committed 59328K, reserved 479232K
  class space    used 8105K, committed 8384K, reserved 421888K
}
Event: 9.398 GC heap after
{Heap after GC invocations=22 (full 0):
 garbage-first heap   total 101376K, used 49442K [0x0000000080000000, 0x0000000100000000)
  region size 1024K, 4 young (4096K), 4 survivors (4096K)
 Metaspace       used 58720K, committed 59328K, reserved 479232K
  class space    used 8105K, committed 8384K, reserved 421888K
}

Deoptimization events (20 events):
Event: 9.481 Thread 0x0000021f1429f650 DEOPT PACKING pc=0x0000021f07c85bd0 sp=0x0000009ade9f7200
Event: 9.481 Thread 0x0000021f1429f650 DEOPT UNPACKING pc=0x0000021f00055c23 sp=0x0000009ade9f7180 mode 2
Event: 9.558 Thread 0x0000021f1429f650 Uncommon trap: trap_request=0xffffff45 fr.pc=0x0000021f07c5aa18 relative=0x0000000000001518
Event: 9.558 Thread 0x0000021f1429f650 Uncommon trap: reason=unstable_if action=reinterpret pc=0x0000021f07c5aa18 method=java.util.WeakHashMap.matchesKey(Ljava/util/WeakHashMap$Entry;Ljava/lang/Object;)Z @ 5 c2
Event: 9.558 Thread 0x0000021f1429f650 DEOPT PACKING pc=0x0000021f07c5aa18 sp=0x0000009ade9f5e20
Event: 9.558 Thread 0x0000021f1429f650 DEOPT UNPACKING pc=0x0000021f00055c23 sp=0x0000009ade9f5da8 mode 2
Event: 9.596 Thread 0x0000021f1429f650 DEOPT PACKING pc=0x0000021f00b9dee6 sp=0x0000009ade9f7ec0
Event: 9.596 Thread 0x0000021f1429f650 DEOPT UNPACKING pc=0x0000021f00056763 sp=0x0000009ade9f7388 mode 0
Event: 9.615 Thread 0x0000021f1429fb20 Uncommon trap: trap_request=0xffffff45 fr.pc=0x0000021f07c0d62c relative=0x000000000000086c
Event: 9.615 Thread 0x0000021f1429fb20 Uncommon trap: reason=unstable_if action=reinterpret pc=0x0000021f07c0d62c method=java.io.ObjectOutputStream$HandleTable.assign(Ljava/lang/Object;)I @ 24 c2
Event: 9.615 Thread 0x0000021f1429fb20 DEOPT PACKING pc=0x0000021f07c0d62c sp=0x0000009adddfda10
Event: 9.615 Thread 0x0000021f1429fb20 DEOPT UNPACKING pc=0x0000021f00055c23 sp=0x0000009adddfd9e8 mode 2
Event: 9.617 Thread 0x0000021f1429fb20 Uncommon trap: trap_request=0xffffff45 fr.pc=0x0000021f07e272a8 relative=0x00000000000058c8
Event: 9.617 Thread 0x0000021f1429fb20 Uncommon trap: reason=unstable_if action=reinterpret pc=0x0000021f07e272a8 method=java.io.ObjectStreamClass.writeNonProxy(Ljava/io/ObjectOutputStream;)V @ 22 c2
Event: 9.618 Thread 0x0000021f1429fb20 DEOPT PACKING pc=0x0000021f07e272a8 sp=0x0000009adddfd710
Event: 9.618 Thread 0x0000021f1429fb20 DEOPT UNPACKING pc=0x0000021f00055c23 sp=0x0000009adddfd5b0 mode 2
Event: 9.718 Thread 0x0000021f1429f650 Uncommon trap: trap_request=0xffffffc6 fr.pc=0x0000021f07cc267c relative=0x0000000000002e9c
Event: 9.718 Thread 0x0000021f1429f650 Uncommon trap: reason=bimorphic_or_optimized_type_check action=maybe_recompile pc=0x0000021f07cc267c method=java.util.AbstractCollection.addAll(Ljava/util/Collection;)Z @ 29 c2
Event: 9.718 Thread 0x0000021f1429f650 DEOPT PACKING pc=0x0000021f07cc267c sp=0x0000009ade9fba20
Event: 9.718 Thread 0x0000021f1429f650 DEOPT UNPACKING pc=0x0000021f00055c23 sp=0x0000009ade9fba10 mode 2

Classes unloaded (0 events):
No events

Classes redefined (0 events):
No events

Internal exceptions (20 events):
Event: 9.557 Thread 0x0000021f1429f650 Exception <a 'java/lang/ClassNotFoundException'{0x000000008538bb58}: org/gradle/api/internal/plugins/DefaultPluginCollectionCustomizer> (0x000000008538bb58) 
thrown [e:\jenkins\tmp\workspace\build\src\src\hotspot\share\classfile\systemDictionary.cpp, line 256]
Event: 9.558 Thread 0x0000021f1429f650 Exception <a 'java/lang/ClassNotFoundException'{0x00000000853c0228}: org/gradle/api/internal/plugins/DefaultPluginContainerCustomizer> (0x00000000853c0228) 
thrown [e:\jenkins\tmp\workspace\build\src\src\hotspot\share\classfile\systemDictionary.cpp, line 256]
Event: 9.562 Thread 0x0000021f1429f650 Exception <a 'java/lang/ClassNotFoundException'{0x0000000085216af8}: GradleAnnotationProcessorPatchPluginBeanInfo> (0x0000000085216af8) 
thrown [e:\jenkins\tmp\workspace\build\src\src\hotspot\share\classfile\systemDictionary.cpp, line 256]
Event: 9.562 Thread 0x0000021f1429f650 Exception <a 'java/lang/ClassNotFoundException'{0x00000000852217e8}: GradleAnnotationProcessorPatchPluginCustomizer> (0x00000000852217e8) 
thrown [e:\jenkins\tmp\workspace\build\src\src\hotspot\share\classfile\systemDictionary.cpp, line 256]
Event: 9.564 Thread 0x0000021f1429f650 Exception <a 'java/lang/ClassNotFoundException'{0x000000008524cb98}: GradleAnnotationProcessorPatchPlugin$AnnotationProcessorModelBuilderBeanInfo> (0x000000008524cb98) 
thrown [e:\jenkins\tmp\workspace\build\src\src\hotspot\share\classfile\systemDictionary.cpp, line 256]
Event: 9.564 Thread 0x0000021f1429f650 Exception <a 'java/lang/ClassNotFoundException'{0x00000000852579c8}: GradleAnnotationProcessorPatchPlugin$AnnotationProcessorModelBuilderCustomizer> (0x00000000852579c8) 
thrown [e:\jenkins\tmp\workspace\build\src\src\hotspot\share\classfile\systemDictionary.cpp, line 256]
Event: 9.566 Thread 0x0000021f1429f650 Exception <a 'java/lang/ClassNotFoundException'{0x00000000852c0910}: org/gradle/tooling/provider/model/internal/DefaultToolingModelBuilderRegistryBeanInfo> (0x00000000852c0910) 
thrown [e:\jenkins\tmp\workspace\build\src\src\hotspot\share\classfile\systemDictionary.cpp, line 256]
Event: 9.566 Thread 0x0000021f1429f650 Exception <a 'java/lang/ClassNotFoundException'{0x00000000852d66a8}: org/gradle/tooling/provider/model/internal/DefaultToolingModelBuilderRegistryCustomizer> (0x00000000852d66a8) 
thrown [e:\jenkins\tmp\workspace\build\src\src\hotspot\share\classfile\systemDictionary.cpp, line 256]
Event: 9.609 Thread 0x0000021f1429f650 Exception <a 'java/lang/NoSuchMethodError'{0x0000000084f7ec20}: 'long java.lang.invoke.DirectMethodHandle$Holder.invokeVirtual(java.lang.Object, java.lang.Object)'> (0x0000000084f7ec20) 
thrown [e:\jenkins\tmp\workspace\build\src\src\hotspot\share\interpreter\linkResolver.cpp, line 766]
Event: 9.614 Thread 0x0000021f1429fb20 Exception <a 'java/lang/NoSuchMethodError'{0x0000000084e0e210}: static Lorg/gradle/internal/build/event/types/DefaultProjectConfigurationSuccessResult;.<clinit>()V> (0x0000000084e0e210) 
thrown [e:\jenkins\tmp\workspace\build\src\src\hotspot\share\prims\jni.cpp, line 1107]
Event: 9.614 Thread 0x0000021f1429fb20 Exception <a 'java/lang/NoSuchMethodError'{0x0000000084e0f2e0}: static Lorg/gradle/internal/build/event/types/AbstractProjectConfigurationResult;.<clinit>()V> (0x0000000084e0f2e0) 
thrown [e:\jenkins\tmp\workspace\build\src\src\hotspot\share\prims\jni.cpp, line 1107]
Event: 9.615 Thread 0x0000021f1429fb20 Exception <a 'java/lang/NoSuchMethodError'{0x0000000084e1e840}: static Lorg/gradle/internal/build/event/types/DefaultPluginApplicationResult;.<clinit>()V> (0x0000000084e1e840) 
thrown [e:\jenkins\tmp\workspace\build\src\src\hotspot\share\prims\jni.cpp, line 1107]
Event: 9.616 Thread 0x0000021f1429fb20 Exception <a 'java/lang/NoSuchMethodError'{0x0000000084e28c90}: static Lorg/gradle/internal/build/event/types/DefaultBinaryPluginIdentifier;.<clinit>()V> (0x0000000084e28c90) 
thrown [e:\jenkins\tmp\workspace\build\src\src\hotspot\share\prims\jni.cpp, line 1107]
Event: 9.618 Thread 0x0000021f1429fb20 Exception <a 'java/lang/NoSuchMethodError'{0x0000000084ebfa28}: static Lorg/gradle/internal/build/event/types/DefaultScriptPluginIdentifier;.<clinit>()V> (0x0000000084ebfa28) 
thrown [e:\jenkins\tmp\workspace\build\src\src\hotspot\share\prims\jni.cpp, line 1107]
Event: 9.736 Thread 0x0000021f1429f650 Exception <a 'java/lang/ClassNotFoundException'{0x0000000084a5be48}: build_7c0jn3gaj3njxht0kn4w1fpdmBeanInfo> (0x0000000084a5be48) 
thrown [e:\jenkins\tmp\workspace\build\src\src\hotspot\share\classfile\systemDictionary.cpp, line 256]
Event: 9.737 Thread 0x0000021f1429f650 Exception <a 'java/lang/ClassNotFoundException'{0x0000000084a663c8}: org/gradle/api/internal/project/ProjectScriptBeanInfo> (0x0000000084a663c8) 
thrown [e:\jenkins\tmp\workspace\build\src\src\hotspot\share\classfile\systemDictionary.cpp, line 256]
Event: 9.737 Thread 0x0000021f1429f650 Exception <a 'java/lang/ClassNotFoundException'{0x0000000084a70998}: org/gradle/api/internal/project/ProjectScriptCustomizer> (0x0000000084a70998) 
thrown [e:\jenkins\tmp\workspace\build\src\src\hotspot\share\classfile\systemDictionary.cpp, line 256]
Event: 9.737 Thread 0x0000021f1429f650 Exception <a 'java/lang/ClassNotFoundException'{0x0000000084a87f38}: build_7c0jn3gaj3njxht0kn4w1fpdmCustomizer> (0x0000000084a87f38) 
thrown [e:\jenkins\tmp\workspace\build\src\src\hotspot\share\classfile\systemDictionary.cpp, line 256]
Event: 9.741 Thread 0x0000021f1429f650 Exception <a 'java/lang/ClassNotFoundException'{0x0000000084adafe0}: org/gradle/api/internal/initialization/DefaultScriptHandlerBeanInfo> (0x0000000084adafe0) 
thrown [e:\jenkins\tmp\workspace\build\src\src\hotspot\share\classfile\systemDictionary.cpp, line 256]
Event: 9.742 Thread 0x0000021f1429f650 Exception <a 'java/lang/ClassNotFoundException'{0x0000000084aeb4c0}: org/gradle/api/internal/initialization/DefaultScriptHandlerCustomizer> (0x0000000084aeb4c0) 
thrown [e:\jenkins\tmp\workspace\build\src\src\hotspot\share\classfile\systemDictionary.cpp, line 256]

VM Operations (20 events):
Event: 9.402 Executing VM operation: ICBufferFull
Event: 9.402 Executing VM operation: ICBufferFull done
Event: 9.407 Executing VM operation: ICBufferFull
Event: 9.407 Executing VM operation: ICBufferFull done
Event: 9.425 Executing VM operation: G1Concurrent
Event: 9.427 Executing VM operation: G1Concurrent done
Event: 9.440 Executing VM operation: G1Concurrent
Event: 9.440 Executing VM operation: G1Concurrent done
Event: 9.546 Executing VM operation: HandshakeAllThreads
Event: 9.546 Executing VM operation: HandshakeAllThreads done
Event: 9.567 Executing VM operation: ICBufferFull
Event: 9.567 Executing VM operation: ICBufferFull done
Event: 9.583 Executing VM operation: HandshakeAllThreads
Event: 9.583 Executing VM operation: HandshakeAllThreads done
Event: 9.583 Executing VM operation: HandshakeAllThreads
Event: 9.583 Executing VM operation: HandshakeAllThreads done
Event: 9.611 Executing VM operation: HandshakeAllThreads
Event: 9.611 Executing VM operation: HandshakeAllThreads done
Event: 9.728 Executing VM operation: ICBufferFull
Event: 9.729 Executing VM operation: ICBufferFull done

Events (20 events):
Event: 9.545 loading class java/util/AbstractList$SubList$1
Event: 9.545 loading class java/util/AbstractList$SubList$1 done
Event: 9.545 loading class java/util/AbstractList$ListItr
Event: 9.546 loading class java/util/AbstractList$ListItr done
Event: 9.584 Thread 0x0000021f7eef3000 flushing nmethod 0x0000021f07b64010
Event: 9.584 Thread 0x0000021f7eef3000 flushing nmethod 0x0000021f07deaf10
Event: 9.610 loading class java/util/stream/SortedOps
Event: 9.610 loading class java/util/stream/SortedOps done
Event: 9.610 loading class java/util/stream/SortedOps$OfRef
Event: 9.610 loading class java/util/stream/SortedOps$OfRef done
Event: 9.612 loading class java/util/stream/SortedOps$RefSortingSink
Event: 9.612 loading class java/util/stream/SortedOps$AbstractRefSortingSink
Event: 9.612 loading class java/util/stream/SortedOps$AbstractRefSortingSink done
Event: 9.612 loading class java/util/stream/SortedOps$RefSortingSink done
Event: 9.617 loading class java/time/Ser
Event: 9.617 loading class java/time/Ser done
Event: 9.709 loading class java/lang/AbstractMethodError
Event: 9.709 loading class java/lang/AbstractMethodError done
Event: 9.717 loading class java/nio/channels/Channels$1
Event: 9.717 loading class java/nio/channels/Channels$1 done


Dynamic libraries:
0x00007ff736a50000 - 0x00007ff736a5e000 	C:\Program Files\Eclipse Adoptium\jdk-17.0.2.8-hotspot\bin\java.exe
0x00007ff82cdb0000 - 0x00007ff82cfc4000 	C:\WINDOWS\SYSTEM32\ntdll.dll
0x00007ff82abc0000 - 0x00007ff82ac82000 	C:\WINDOWS\System32\KERNEL32.DLL
0x00007ff82a400000 - 0x00007ff82a79c000 	C:\WINDOWS\System32\KERNELBASE.dll
0x00007ff82aa20000 - 0x00007ff82ab31000 	C:\WINDOWS\System32\ucrtbase.dll
0x00007ff81bc90000 - 0x00007ff81bca9000 	C:\Program Files\Eclipse Adoptium\jdk-17.0.2.8-hotspot\bin\VCRUNTIME140.dll
0x00007ff81bfa0000 - 0x00007ff81bfb8000 	C:\Program Files\Eclipse Adoptium\jdk-17.0.2.8-hotspot\bin\jli.dll
0x00007ff82bf40000 - 0x00007ff82c0eb000 	C:\WINDOWS\System32\USER32.dll
0x00007ff829470000 - 0x00007ff8296fe000 	C:\WINDOWS\WinSxS\amd64_microsoft.windows.common-controls_6595b64144ccf1df_6.0.22621.608_none_a9444ca7c10bb01d\COMCTL32.dll
0x00007ff82a260000 - 0x00007ff82a286000 	C:\WINDOWS\System32\win32u.dll
0x00007ff82ad10000 - 0x00007ff82adb7000 	C:\WINDOWS\System32\msvcrt.dll
0x00007ff82c110000 - 0x00007ff82c139000 	C:\WINDOWS\System32\GDI32.dll
0x00007ff82a7a0000 - 0x00007ff82a8b3000 	C:\WINDOWS\System32\gdi32full.dll
0x00007ff82a8c0000 - 0x00007ff82a95a000 	C:\WINDOWS\System32\msvcp_win.dll
0x00007ff82ca30000 - 0x00007ff82ca61000 	C:\WINDOWS\System32\IMM32.DLL
0x00007ff8289a0000 - 0x00007ff8289ac000 	C:\Program Files\Eclipse Adoptium\jdk-17.0.2.8-hotspot\bin\vcruntime140_1.dll
0x00007ffff2250000 - 0x00007ffff22e1000 	C:\Program Files\Eclipse Adoptium\jdk-17.0.2.8-hotspot\bin\msvcp140.dll
0x00007fffe1570000 - 0x00007fffe21b7000 	C:\Program Files\Eclipse Adoptium\jdk-17.0.2.8-hotspot\bin\server\jvm.dll
0x00007ff82bce0000 - 0x00007ff82bd8e000 	C:\WINDOWS\System32\ADVAPI32.dll
0x00007ff82be90000 - 0x00007ff82bf34000 	C:\WINDOWS\System32\sechost.dll
0x00007ff82cc50000 - 0x00007ff82cd67000 	C:\WINDOWS\System32\RPCRT4.dll
0x00007ff82bbd0000 - 0x00007ff82bbd8000 	C:\WINDOWS\System32\PSAPI.DLL
0x00007ff808da0000 - 0x00007ff808da9000 	C:\WINDOWS\SYSTEM32\WSOCK32.dll
0x00007ff81e990000 - 0x00007ff81e9c4000 	C:\WINDOWS\SYSTEM32\WINMM.dll
0x00007ff828560000 - 0x00007ff82856a000 	C:\WINDOWS\SYSTEM32\VERSION.dll
0x00007ff82ac90000 - 0x00007ff82ad01000 	C:\WINDOWS\System32\WS2_32.dll
0x00007ff828390000 - 0x00007ff8283a8000 	C:\WINDOWS\SYSTEM32\kernel.appcore.dll
0x00007ff8225b0000 - 0x00007ff8225ba000 	C:\Program Files\Eclipse Adoptium\jdk-17.0.2.8-hotspot\bin\jimage.dll
0x00007ff829a50000 - 0x00007ff829c7e000 	C:\WINDOWS\SYSTEM32\DBGHELP.DLL
0x00007ff82b840000 - 0x00007ff82bbc9000 	C:\WINDOWS\System32\combase.dll
0x00007ff82b6e0000 - 0x00007ff82b7b7000 	C:\WINDOWS\System32\OLEAUT32.dll
0x00007ff8299e0000 - 0x00007ff829a12000 	C:\WINDOWS\SYSTEM32\dbgcore.DLL
0x00007ff82ab40000 - 0x00007ff82abbb000 	C:\WINDOWS\System32\bcryptPrimitives.dll
0x00007ff8103c0000 - 0x00007ff8103e5000 	C:\Program Files\Eclipse Adoptium\jdk-17.0.2.8-hotspot\bin\java.dll
0x00007ffff2170000 - 0x00007ffff2246000 	C:\Program Files\Eclipse Adoptium\jdk-17.0.2.8-hotspot\bin\jsvml.dll
0x00007ff82c240000 - 0x00007ff82ca30000 	C:\WINDOWS\System32\SHELL32.dll
0x00007ff8272a0000 - 0x00007ff827b6d000 	C:\WINDOWS\SYSTEM32\windows.storage.dll
0x00007ff827160000 - 0x00007ff82729e000 	C:\WINDOWS\SYSTEM32\wintypes.dll
0x00007ff82c140000 - 0x00007ff82c231000 	C:\WINDOWS\System32\SHCORE.dll
0x00007ff82cbf0000 - 0x00007ff82cc4e000 	C:\WINDOWS\System32\shlwapi.dll
0x00007ff82a120000 - 0x00007ff82a141000 	C:\WINDOWS\SYSTEM32\profapi.dll
0x00007ff811690000 - 0x00007ff8116a9000 	C:\Program Files\Eclipse Adoptium\jdk-17.0.2.8-hotspot\bin\net.dll
0x00007ff8221b0000 - 0x00007ff8222e7000 	C:\WINDOWS\SYSTEM32\WINHTTP.dll
0x00007ff829060000 - 0x00007ff8290c9000 	C:\WINDOWS\system32\mswsock.dll
0x00007ff8105e0000 - 0x00007ff8105f5000 	C:\Program Files\Eclipse Adoptium\jdk-17.0.2.8-hotspot\bin\nio.dll
0x00007ff8103a0000 - 0x00007ff8103b8000 	C:\Program Files\Eclipse Adoptium\jdk-17.0.2.8-hotspot\bin\zip.dll
0x00007ff80cd20000 - 0x00007ff80cd30000 	C:\Program Files\Eclipse Adoptium\jdk-17.0.2.8-hotspot\bin\verify.dll
0x00007ff802800000 - 0x00007ff802827000 	C:\Users\siver\.gradle\native\e1d6ef7f7dcc3fd88c89a11ec53ec762bb8ba0a96d01ffa2cd45eb1d1d8dd5c5\windows-amd64\native-platform.dll
0x00007ffff2020000 - 0x00007ffff2164000 	C:\Users\siver\.gradle\native\0d407fdbe67a94daf76414ababcb853783967236a71b16ec16e742cd7a986fd3\windows-amd64\native-platform-file-events.dll
0x00007ff81d2b0000 - 0x00007ff81d2b9000 	C:\Program Files\Eclipse Adoptium\jdk-17.0.2.8-hotspot\bin\management.dll
0x00007ff81cee0000 - 0x00007ff81ceeb000 	C:\Program Files\Eclipse Adoptium\jdk-17.0.2.8-hotspot\bin\management_ext.dll
0x00007ff829e90000 - 0x00007ff829eab000 	C:\WINDOWS\SYSTEM32\CRYPTSP.dll
0x00007ff828300000 - 0x00007ff828335000 	C:\WINDOWS\system32\rsaenh.dll
0x00007ff828fe0000 - 0x00007ff829008000 	C:\WINDOWS\SYSTEM32\USERENV.dll
0x00007ff829a20000 - 0x00007ff829a48000 	C:\WINDOWS\SYSTEM32\bcrypt.dll
0x00007ff829290000 - 0x00007ff82929c000 	C:\WINDOWS\SYSTEM32\CRYPTBASE.dll
0x00007ff827dc0000 - 0x00007ff827ded000 	C:\WINDOWS\SYSTEM32\IPHLPAPI.DLL
0x00007ff82bd90000 - 0x00007ff82bd99000 	C:\WINDOWS\System32\NSI.dll
0x00007ff8213b0000 - 0x00007ff8213c9000 	C:\WINDOWS\SYSTEM32\dhcpcsvc6.DLL
0x00007ff821390000 - 0x00007ff8213af000 	C:\WINDOWS\SYSTEM32\dhcpcsvc.DLL
0x00007ff827e30000 - 0x00007ff827f23000 	C:\WINDOWS\SYSTEM32\DNSAPI.dll
0x00007ff81bf70000 - 0x00007ff81bf7e000 	C:\Program Files\Eclipse Adoptium\jdk-17.0.2.8-hotspot\bin\sunmscapi.dll
0x00007ff82a290000 - 0x00007ff82a3f6000 	C:\WINDOWS\System32\CRYPT32.dll
0x00007ff829440000 - 0x00007ff82946e000 	C:\WINDOWS\SYSTEM32\ncrypt.dll
0x00007ff829400000 - 0x00007ff829437000 	C:\WINDOWS\SYSTEM32\NTASN1.dll
0x00007ff811580000 - 0x00007ff811588000 	C:\WINDOWS\system32\wshunix.dll
0x00007ff8197b0000 - 0x00007ff8197ba000 	C:\Windows\System32\rasadhlp.dll
0x00007ff820140000 - 0x00007ff8201c3000 	C:\WINDOWS\System32\fwpuclnt.dll

dbghelp: loaded successfully - version: 4.0.5 - missing functions: none
symbol engine: initialized successfully - sym options: 0x614 - pdb path: .;C:\Program Files\Eclipse Adoptium\jdk-17.0.2.8-hotspot\bin;C:\WINDOWS\SYSTEM32;C:\WINDOWS\WinSxS\amd64_microsoft.windows.common-controls_6595b64144ccf1df_6.0.22621.608_none_a9444ca7c10bb01d;C:\Program Files\Eclipse Adoptium\jdk-17.0.2.8-hotspot\bin\server;C:\Users\siver\.gradle\native\e1d6ef7f7dcc3fd88c89a11ec53ec762bb8ba0a96d01ffa2cd45eb1d1d8dd5c5\windows-amd64;C:\Users\siver\.gradle\native\0d407fdbe67a94daf76414ababcb853783967236a71b16ec16e742cd7a986fd3\windows-amd64

VM Arguments:
jvm_args: -XX:MaxMetaspaceSize=512m --add-opens=java.base/java.util=ALL-UNNAMED --add-opens=java.base/java.lang=ALL-UNNAMED --add-opens=java.base/java.lang.invoke=ALL-UNNAMED --add-opens=java.base/java.util=ALL-UNNAMED --add-opens=java.prefs/java.util.prefs=ALL-UNNAMED --add-opens=java.prefs/java.util.prefs=ALL-UNNAMED --add-opens=java.base/java.nio.charset=ALL-UNNAMED --add-opens=java.base/java.net=ALL-UNNAMED --add-opens=java.base/java.util.concurrent.atomic=ALL-UNNAMED -Xmx2048m -Dfile.encoding=utf8 -Duser.country=US -Duser.language=en -Duser.variant 
java_command: org.gradle.launcher.daemon.bootstrap.GradleDaemon 7.5.1
java_class_path (initial): C:\Users\siver\.gradle\wrapper\dists\gradle-7.5.1-all\1ehga6e77gqps5uk2kc5kf1vc\gradle-7.5.1\lib\gradle-launcher-7.5.1.jar
Launcher Type: SUN_STANDARD

[Global flags]
     intx CICompilerCount                          = 4                                         {product} {ergonomic}
   size_t CompressedClassSpaceSize                 = 432013312                                 {product} {ergonomic}
     uint ConcGCThreads                            = 2                                         {product} {ergonomic}
     uint G1ConcRefinementThreads                  = 8                                         {product} {ergonomic}
   size_t G1HeapRegionSize                         = 1048576                                   {product} {ergonomic}
    uintx GCDrainStackTargetSize                   = 64                                        {product} {ergonomic}
   size_t InitialHeapSize                          = 264241152                                 {product} {ergonomic}
   size_t MarkStackSize                            = 4194304                                   {product} {ergonomic}
   size_t MaxHeapSize                              = 2147483648                                {product} {command line}
   size_t MaxMetaspaceSize                         = 536870912                                 {product} {command line}
   size_t MaxNewSize                               = 1287651328                                {product} {ergonomic}
   size_t MinHeapDeltaBytes                        = 1048576                                   {product} {ergonomic}
   size_t MinHeapSize                              = 8388608                                   {product} {ergonomic}
    uintx NonNMethodCodeHeapSize                   = 5839372                                {pd product} {ergonomic}
    uintx NonProfiledCodeHeapSize                  = 122909434                              {pd product} {ergonomic}
    uintx ProfiledCodeHeapSize                     = 122909434                              {pd product} {ergonomic}
    uintx ReservedCodeCacheSize                    = 251658240                              {pd product} {ergonomic}
     bool SegmentedCodeCache                       = true                                      {product} {ergonomic}
   size_t SoftMaxHeapSize                          = 2147483648                             {manageable} {ergonomic}
     bool UseCompressedClassPointers               = true                           {product lp64_product} {ergonomic}
     bool UseCompressedOops                        = true                           {product lp64_product} {ergonomic}
     bool UseG1GC                                  = true                                      {product} {ergonomic}
     bool UseLargePagesIndividualAllocation        = false                                  {pd product} {ergonomic}

Logging:
Log output configuration:
 #0: stdout all=warning uptime,level,tags
 #1: stderr all=off uptime,level,tags

Environment Variables:
PATH=C:\Python311\Scripts\;C:\Python311\;C:\Program Files\Eclipse Adoptium\jdk-17.0.2.8-hotspot\bin;C:\WINDOWS\system32;C:\WINDOWS;C:\WINDOWS\System32\Wbem;C:\WINDOWS\System32\WindowsPowerShell\v1.0\;C:\WINDOWS\System32\OpenSSH\;C:\Program Files (x86)\STMicroelectronics\STM32 ST-LINK Utility\ST-LINK Utility;C:\Program Files\dotnet\;C:\Users\siver\OneDrive\Skrivebord\apache-maven-3.8.5\bin;C:\Program Files\Git\cmd;C:\ProgramData\chocolatey\bin;C:\Program Files\nodejs\;C:\Program Files\Docker\Docker\resources\bin;C:\Program Files\MySQL\MySQL Shell 8.0\bin\;C:\Users\siver\AppData\Local\Microsoft\WindowsApps;C:\Users\siver\AppData\Local\GitHubDesktop\bin;C:\Users\siver\AppData\Local\JetBrains\Toolbox\scripts;C:\Users\siver\AppData\Local\Microsoft\WindowsApps;C:\Users\siver\.dotnet\tools;C:\Users\siver\AppData\Local\Programs\Microsoft VS Code\bin;C:\Users\siver\AppData\Roaming\TinyTeX\bin\win32;C:\Users\siver\AppData\Local\Android\Sdk\platform-tools;C:\Users\siver\AppData\Roaming\npm;
USERNAME=siver
OS=Windows_NT
PROCESSOR_IDENTIFIER=Intel64 Family 6 Model 140 Stepping 1, GenuineIntel



---------------  S Y S T E M  ---------------

OS:
 Windows 11 , 64 bit Build 22621 (10.0.22621.1485)
OS uptime: 0 days 0:14 hours
Hyper-V role detected

CPU: total 8 (initial active 8) (4 cores per cpu, 2 threads per core) family 6 model 140 stepping 1 microcode 0xa4, cx8, cmov, fxsr, ht, mmx, 3dnowpref, sse, sse2, sse3, ssse3, sse4.1, sse4.2, popcnt, lzcnt, tsc, tscinvbit, avx, avx2, aes, erms, clmul, bmi1, bmi2, adx, avx512f, avx512dq, avx512cd, avx512bw, avx512vl, sha, fma, vzeroupper, avx512_vpopcntdq, avx512_vpclmulqdq, avx512_vaes, avx512_vnni, clflush, clflushopt, clwb, avx512_vbmi2, avx512_vbmi, hv

Memory: 4k page, system-wide physical 16107M (5617M free)
TotalPageFile size 28395M (AvailPageFile size 17104M)
current process WorkingSet (physical memory assigned to process): 315M, peak: 326M
current process commit charge ("private bytes"): 353M, peak: 437M

vm_info: OpenJDK 64-Bit Server VM (17.0.2+8) for windows-amd64 JRE (17.0.2+8), built on Jan 20 2022 04:52:34 by "" with MS VC++ 16.7 (VS2019)

END.
